{"/Users/seand/development/TestProject/ClientApp/app.ts": {"path":"/Users/seand/development/TestProject/ClientApp/app.ts","statementMap":{"0":{"start":{"line":3,"column":0},"end":{"line":12,"column":null}},"1":{"start":{"line":4,"column":24},"end":{"line":4,"column":54}},"2":{"start":{"line":6,"column":4},"end":{"line":10,"column":null}},"3":{"start":{"line":7,"column":20},"end":{"line":7,"column":29}},"4":{"start":{"line":8,"column":8},"end":{"line":8,"column":null}},"5":{"start":{"line":10,"column":8},"end":{"line":10,"column":null}}},"fnMap":{"0":{"name":"(anonymous_0)","decl":{"start":{"line":3,"column":26},"end":{"line":3,"column":52}},"loc":{"start":{"line":3,"column":52},"end":{"line":12,"column":null}},"line":3}},"branchMap":{"0":{"loc":{"start":{"line":6,"column":4},"end":{"line":10,"column":null}},"type":"if","locations":[{"start":{"line":6,"column":4},"end":{"line":10,"column":null}},{"start":{"line":9,"column":11},"end":{"line":10,"column":null}}],"line":6}},"s":{"0":0,"1":0,"2":0,"3":0,"4":0,"5":0},"f":{"0":0},"b":{"0":[0,0]},"meta":{"lastBranch":1,"lastFunction":1,"lastStatement":6,"seen":{"s:3:0:12:Infinity":0,"f:3:26:3:52":0,"s:4:24:4:54":1,"b:6:4:10:Infinity:9:11:10:Infinity":0,"s:6:4:10:Infinity":2,"s:7:20:7:29":3,"s:8:8:8:Infinity":4,"s:10:8:10:Infinity":5}}}
,"/Users/seand/development/TestProject/ClientApp/components/App.ts": {"path":"/Users/seand/development/TestProject/ClientApp/components/App.ts","statementMap":{"0":{"start":{"line":27,"column":34},"end":{"line":27,"column":null}},"1":{"start":{"line":28,"column":34},"end":{"line":28,"column":null}},"2":{"start":{"line":31,"column":8},"end":{"line":31,"column":null}},"3":{"start":{"line":32,"column":8},"end":{"line":32,"column":null}},"4":{"start":{"line":34,"column":8},"end":{"line":34,"column":null}},"5":{"start":{"line":35,"column":8},"end":{"line":35,"column":null}},"6":{"start":{"line":36,"column":8},"end":{"line":36,"column":null}},"7":{"start":{"line":37,"column":8},"end":{"line":37,"column":null}},"8":{"start":{"line":37,"column":67},"end":{"line":37,"column":100}},"9":{"start":{"line":40,"column":8},"end":{"line":40,"column":null}},"10":{"start":{"line":43,"column":8},"end":{"line":43,"column":null}},"11":{"start":{"line":43,"column":53},"end":{"line":43,"column":78}},"12":{"start":{"line":44,"column":8},"end":{"line":44,"column":null}},"13":{"start":{"line":44,"column":50},"end":{"line":44,"column":90}},"14":{"start":{"line":45,"column":8},"end":{"line":65,"column":null}},"15":{"start":{"line":46,"column":22},"end":{"line":46,"column":47}},"16":{"start":{"line":47,"column":22},"end":{"line":47,"column":50}},"17":{"start":{"line":49,"column":16},"end":{"line":49,"column":null}},"18":{"start":{"line":50,"column":16},"end":{"line":50,"column":null}},"19":{"start":{"line":53,"column":28},"end":{"line":53,"column":68}},"20":{"start":{"line":54,"column":16},"end":{"line":54,"column":null}},"21":{"start":{"line":56,"column":16},"end":{"line":61,"column":null}},"22":{"start":{"line":57,"column":41},"end":{"line":57,"column":75}},"23":{"start":{"line":58,"column":20},"end":{"line":59,"column":null}},"24":{"start":{"line":59,"column":24},"end":{"line":59,"column":null}},"25":{"start":{"line":63,"column":18},"end":{"line":63,"column":33}},"26":{"start":{"line":64,"column":22},"end":{"line":64,"column":62}},"27":{"start":{"line":66,"column":8},"end":{"line":69,"column":null}},"28":{"start":{"line":67,"column":12},"end":{"line":67,"column":null}},"29":{"start":{"line":68,"column":12},"end":{"line":68,"column":null}},"30":{"start":{"line":71,"column":8},"end":{"line":71,"column":null}},"31":{"start":{"line":75,"column":8},"end":{"line":78,"column":null}},"32":{"start":{"line":76,"column":12},"end":{"line":76,"column":null}},"33":{"start":{"line":77,"column":19},"end":{"line":78,"column":null}},"34":{"start":{"line":78,"column":12},"end":{"line":78,"column":null}},"35":{"start":{"line":83,"column":29},"end":{"line":91,"column":null}},"36":{"start":{"line":84,"column":12},"end":{"line":89,"column":null}},"37":{"start":{"line":85,"column":16},"end":{"line":85,"column":null}},"38":{"start":{"line":86,"column":16},"end":{"line":86,"column":null}},"39":{"start":{"line":87,"column":16},"end":{"line":87,"column":null}},"40":{"start":{"line":89,"column":16},"end":{"line":89,"column":null}},"41":{"start":{"line":93,"column":8},"end":{"line":93,"column":null}},"42":{"start":{"line":94,"column":25},"end":{"line":94,"column":null}},"43":{"start":{"line":95,"column":8},"end":{"line":95,"column":null}},"44":{"start":{"line":97,"column":8},"end":{"line":97,"column":null}},"45":{"start":{"line":101,"column":8},"end":{"line":101,"column":null}},"46":{"start":{"line":102,"column":8},"end":{"line":104,"column":null}},"47":{"start":{"line":103,"column":12},"end":{"line":103,"column":null}},"48":{"start":{"line":108,"column":23},"end":{"line":108,"column":66}},"49":{"start":{"line":109,"column":8},"end":{"line":109,"column":null}},"50":{"start":{"line":110,"column":8},"end":{"line":110,"column":null}},"51":{"start":{"line":112,"column":8},"end":{"line":112,"column":null}},"52":{"start":{"line":116,"column":20},"end":{"line":116,"column":49}},"53":{"start":{"line":118,"column":8},"end":{"line":121,"column":null}},"54":{"start":{"line":119,"column":12},"end":{"line":119,"column":null}},"55":{"start":{"line":121,"column":12},"end":{"line":121,"column":null}},"56":{"start":{"line":124,"column":8},"end":{"line":127,"column":null}},"57":{"start":{"line":125,"column":12},"end":{"line":125,"column":null}},"58":{"start":{"line":127,"column":12},"end":{"line":127,"column":null}},"59":{"start":{"line":130,"column":8},"end":{"line":130,"column":null}},"60":{"start":{"line":132,"column":8},"end":{"line":132,"column":null}},"61":{"start":{"line":133,"column":8},"end":{"line":133,"column":null}},"62":{"start":{"line":134,"column":8},"end":{"line":134,"column":null}},"63":{"start":{"line":138,"column":8},"end":{"line":138,"column":null}},"64":{"start":{"line":139,"column":8},"end":{"line":139,"column":null}},"65":{"start":{"line":140,"column":8},"end":{"line":140,"column":null}},"66":{"start":{"line":142,"column":8},"end":{"line":152,"column":null}},"67":{"start":{"line":144,"column":12},"end":{"line":147,"column":null}},"68":{"start":{"line":145,"column":16},"end":{"line":145,"column":null}},"69":{"start":{"line":147,"column":16},"end":{"line":147,"column":null}},"70":{"start":{"line":150,"column":12},"end":{"line":150,"column":null}},"71":{"start":{"line":152,"column":12},"end":{"line":152,"column":null}},"72":{"start":{"line":157,"column":8},"end":{"line":157,"column":null}},"73":{"start":{"line":170,"column":36},"end":{"line":170,"column":87}},"74":{"start":{"line":171,"column":33},"end":{"line":171,"column":81}},"75":{"start":{"line":172,"column":35},"end":{"line":172,"column":86}},"76":{"start":{"line":173,"column":34},"end":{"line":173,"column":84}},"77":{"start":{"line":174,"column":32},"end":{"line":174,"column":79}},"78":{"start":{"line":175,"column":34},"end":{"line":175,"column":84}},"79":{"start":{"line":177,"column":8},"end":{"line":185,"column":null}},"80":{"start":{"line":178,"column":12},"end":{"line":178,"column":null}},"81":{"start":{"line":179,"column":12},"end":{"line":179,"column":null}},"82":{"start":{"line":180,"column":12},"end":{"line":180,"column":null}},"83":{"start":{"line":181,"column":12},"end":{"line":181,"column":null}},"84":{"start":{"line":182,"column":12},"end":{"line":182,"column":null}},"85":{"start":{"line":183,"column":12},"end":{"line":183,"column":null}},"86":{"start":{"line":184,"column":12},"end":{"line":184,"column":null}},"87":{"start":{"line":185,"column":12},"end":{"line":185,"column":null}}},"fnMap":{"0":{"name":"(anonymous_0)","decl":{"start":{"line":30,"column":4},"end":{"line":30,"column":18}},"loc":{"start":{"line":30,"column":18},"end":{"line":71,"column":null}},"line":30},"1":{"name":"(anonymous_1)","decl":{"start":{"line":34,"column":33},"end":{"line":34,"column":43}},"loc":{"start":{"line":34,"column":43},"end":{"line":34,"column":46}},"line":34},"2":{"name":"(anonymous_2)","decl":{"start":{"line":37,"column":38},"end":{"line":37,"column":58}},"loc":{"start":{"line":37,"column":67},"end":{"line":37,"column":100}},"line":37},"3":{"name":"(anonymous_3)","decl":{"start":{"line":43,"column":31},"end":{"line":43,"column":44}},"loc":{"start":{"line":43,"column":53},"end":{"line":43,"column":78}},"line":43},"4":{"name":"(anonymous_4)","decl":{"start":{"line":44,"column":29},"end":{"line":44,"column":40}},"loc":{"start":{"line":44,"column":50},"end":{"line":44,"column":90}},"line":44},"5":{"name":"(anonymous_5)","decl":{"start":{"line":45,"column":28},"end":{"line":45,"column":null}},"loc":{"start":{"line":46,"column":22},"end":{"line":46,"column":47}},"line":46},"6":{"name":"(anonymous_6)","decl":{"start":{"line":46,"column":47},"end":{"line":46,"column":null}},"loc":{"start":{"line":47,"column":22},"end":{"line":47,"column":50}},"line":47},"7":{"name":"(anonymous_7)","decl":{"start":{"line":48,"column":12},"end":{"line":48,"column":19}},"loc":{"start":{"line":48,"column":28},"end":{"line":52,"column":19}},"line":48},"8":{"name":"(anonymous_8)","decl":{"start":{"line":52,"column":13},"end":{"line":52,"column":19}},"loc":{"start":{"line":52,"column":28},"end":{"line":63,"column":23}},"line":52},"9":{"name":"(anonymous_9)","decl":{"start":{"line":56,"column":16},"end":{"line":56,"column":33}},"loc":{"start":{"line":56,"column":33},"end":{"line":61,"column":23}},"line":56},"10":{"name":"(anonymous_10)","decl":{"start":{"line":63,"column":18},"end":{"line":63,"column":23}},"loc":{"start":{"line":63,"column":18},"end":{"line":63,"column":33}},"line":63},"11":{"name":"(anonymous_11)","decl":{"start":{"line":63,"column":33},"end":{"line":63,"column":null}},"loc":{"start":{"line":64,"column":22},"end":{"line":64,"column":62}},"line":64},"12":{"name":"(anonymous_12)","decl":{"start":{"line":66,"column":41},"end":{"line":66,"column":48}},"loc":{"start":{"line":66,"column":57},"end":{"line":69,"column":null}},"line":66},"13":{"name":"(anonymous_13)","decl":{"start":{"line":74,"column":4},"end":{"line":74,"column":12}},"loc":{"start":{"line":74,"column":57},"end":{"line":78,"column":null}},"line":74},"14":{"name":"(anonymous_14)","decl":{"start":{"line":82,"column":4},"end":{"line":82,"column":12}},"loc":{"start":{"line":82,"column":50},"end":{"line":97,"column":null}},"line":82},"15":{"name":"(anonymous_15)","decl":{"start":{"line":83,"column":67},"end":{"line":83,"column":74}},"loc":{"start":{"line":83,"column":94},"end":{"line":91,"column":null}},"line":83},"16":{"name":"(anonymous_16)","decl":{"start":{"line":100,"column":4},"end":{"line":100,"column":12}},"loc":{"start":{"line":100,"column":32},"end":{"line":104,"column":null}},"line":100},"17":{"name":"(anonymous_17)","decl":{"start":{"line":102,"column":32},"end":{"line":102,"column":50}},"loc":{"start":{"line":102,"column":50},"end":{"line":104,"column":null}},"line":102},"18":{"name":"(anonymous_18)","decl":{"start":{"line":107,"column":4},"end":{"line":107,"column":12}},"loc":{"start":{"line":107,"column":23},"end":{"line":112,"column":null}},"line":107},"19":{"name":"(anonymous_19)","decl":{"start":{"line":115,"column":4},"end":{"line":115,"column":12}},"loc":{"start":{"line":115,"column":58},"end":{"line":134,"column":null}},"line":115},"20":{"name":"(anonymous_20)","decl":{"start":{"line":137,"column":18},"end":{"line":137,"column":29}},"loc":{"start":{"line":137,"column":29},"end":{"line":152,"column":null}},"line":137},"21":{"name":"(anonymous_21)","decl":{"start":{"line":156,"column":4},"end":{"line":156,"column":14}},"loc":{"start":{"line":156,"column":31},"end":{"line":157,"column":null}},"line":156},"22":{"name":"(anonymous_22)","decl":{"start":{"line":169,"column":4},"end":{"line":169,"column":14}},"loc":{"start":{"line":169,"column":40},"end":{"line":185,"column":null}},"line":169}},"branchMap":{"0":{"loc":{"start":{"line":58,"column":20},"end":{"line":59,"column":null}},"type":"if","locations":[{"start":{"line":58,"column":20},"end":{"line":59,"column":null}},{"start":{},"end":{}}],"line":58},"1":{"loc":{"start":{"line":75,"column":8},"end":{"line":78,"column":null}},"type":"if","locations":[{"start":{"line":75,"column":8},"end":{"line":78,"column":null}},{"start":{"line":77,"column":19},"end":{"line":78,"column":null}}],"line":75},"2":{"loc":{"start":{"line":77,"column":19},"end":{"line":78,"column":null}},"type":"if","locations":[{"start":{"line":77,"column":19},"end":{"line":78,"column":null}},{"start":{},"end":{}}],"line":77},"3":{"loc":{"start":{"line":89,"column":22},"end":{"line":89,"column":60}},"type":"binary-expr","locations":[{"start":{"line":89,"column":22},"end":{"line":89,"column":37}},{"start":{"line":89,"column":37},"end":{"line":89,"column":60}}],"line":89},"4":{"loc":{"start":{"line":94,"column":25},"end":{"line":94,"column":null}},"type":"binary-expr","locations":[{"start":{"line":94,"column":25},"end":{"line":94,"column":52}},{"start":{"line":94,"column":56},"end":{"line":94,"column":null}}],"line":94},"5":{"loc":{"start":{"line":109,"column":27},"end":{"line":109,"column":null}},"type":"binary-expr","locations":[{"start":{"line":109,"column":27},"end":{"line":109,"column":45}},{"start":{"line":109,"column":49},"end":{"line":109,"column":null}}],"line":109},"6":{"loc":{"start":{"line":110,"column":27},"end":{"line":110,"column":null}},"type":"binary-expr","locations":[{"start":{"line":110,"column":27},"end":{"line":110,"column":47}},{"start":{"line":110,"column":51},"end":{"line":110,"column":null}}],"line":110},"7":{"loc":{"start":{"line":115,"column":37},"end":{"line":115,"column":58}},"type":"default-arg","locations":[{"start":{"line":115,"column":54},"end":{"line":115,"column":58}}],"line":115},"8":{"loc":{"start":{"line":118,"column":8},"end":{"line":121,"column":null}},"type":"if","locations":[{"start":{"line":118,"column":8},"end":{"line":121,"column":null}},{"start":{"line":120,"column":15},"end":{"line":121,"column":null}}],"line":118},"9":{"loc":{"start":{"line":124,"column":8},"end":{"line":127,"column":null}},"type":"if","locations":[{"start":{"line":124,"column":8},"end":{"line":127,"column":null}},{"start":{"line":126,"column":15},"end":{"line":127,"column":null}}],"line":124},"10":{"loc":{"start":{"line":144,"column":12},"end":{"line":147,"column":null}},"type":"if","locations":[{"start":{"line":144,"column":12},"end":{"line":147,"column":null}},{"start":{"line":146,"column":19},"end":{"line":147,"column":null}}],"line":144},"11":{"loc":{"start":{"line":152,"column":50},"end":{"line":152,"column":85}},"type":"binary-expr","locations":[{"start":{"line":152,"column":50},"end":{"line":152,"column":65}},{"start":{"line":152,"column":65},"end":{"line":152,"column":85}}],"line":152},"12":{"loc":{"start":{"line":177,"column":8},"end":{"line":185,"column":null}},"type":"if","locations":[{"start":{"line":177,"column":8},"end":{"line":185,"column":null}},{"start":{},"end":{}}],"line":177},"13":{"loc":{"start":{"line":177,"column":12},"end":{"line":177,"column":136}},"type":"binary-expr","locations":[{"start":{"line":177,"column":12},"end":{"line":177,"column":35}},{"start":{"line":177,"column":35},"end":{"line":177,"column":55}},{"start":{"line":177,"column":55},"end":{"line":177,"column":77}},{"start":{"line":177,"column":77},"end":{"line":177,"column":98}},{"start":{"line":177,"column":98},"end":{"line":177,"column":117}},{"start":{"line":177,"column":117},"end":{"line":177,"column":136}}],"line":177}},"s":{"0":0,"1":0,"2":0,"3":0,"4":0,"5":0,"6":0,"7":0,"8":0,"9":0,"10":0,"11":0,"12":0,"13":0,"14":0,"15":0,"16":0,"17":0,"18":0,"19":0,"20":0,"21":0,"22":0,"23":0,"24":0,"25":0,"26":0,"27":0,"28":0,"29":0,"30":0,"31":0,"32":0,"33":0,"34":0,"35":0,"36":0,"37":0,"38":0,"39":0,"40":0,"41":0,"42":0,"43":0,"44":0,"45":0,"46":0,"47":0,"48":0,"49":0,"50":0,"51":0,"52":0,"53":0,"54":0,"55":0,"56":0,"57":0,"58":0,"59":0,"60":0,"61":0,"62":0,"63":0,"64":0,"65":0,"66":0,"67":0,"68":0,"69":0,"70":0,"71":0,"72":0,"73":0,"74":0,"75":0,"76":0,"77":0,"78":0,"79":0,"80":0,"81":0,"82":0,"83":0,"84":0,"85":0,"86":0,"87":0},"f":{"0":0,"1":0,"2":0,"3":0,"4":0,"5":0,"6":0,"7":0,"8":0,"9":0,"10":0,"11":0,"12":0,"13":0,"14":0,"15":0,"16":0,"17":0,"18":0,"19":0,"20":0,"21":0,"22":0},"b":{"0":[0,0],"1":[0,0],"2":[0,0],"3":[0,0],"4":[0,0],"5":[0,0],"6":[0,0],"7":[0],"8":[0,0],"9":[0,0],"10":[0,0],"11":[0,0],"12":[0,0],"13":[0,0,0,0,0,0]},"meta":{"lastBranch":14,"lastFunction":23,"lastStatement":88,"seen":{"s:27:34:27:Infinity":0,"s:28:34:28:Infinity":1,"f:30:4:30:18":0,"s:31:8:31:Infinity":2,"s:32:8:32:Infinity":3,"s:34:8:34:Infinity":4,"f:34:33:34:43":1,"s:35:8:35:Infinity":5,"s:36:8:36:Infinity":6,"s:37:8:37:Infinity":7,"f:37:38:37:58":2,"s:37:67:37:100":8,"s:40:8:40:Infinity":9,"s:43:8:43:Infinity":10,"f:43:31:43:44":3,"s:43:53:43:78":11,"s:44:8:44:Infinity":12,"f:44:29:44:40":4,"s:44:50:44:90":13,"s:45:8:65:Infinity":14,"f:45:28:45:Infinity":5,"s:46:22:46:47":15,"f:46:47:46:Infinity":6,"s:47:22:47:50":16,"f:48:12:48:19":7,"s:49:16:49:Infinity":17,"s:50:16:50:Infinity":18,"f:52:13:52:19":8,"s:53:28:53:68":19,"s:54:16:54:Infinity":20,"s:56:16:61:Infinity":21,"f:56:16:56:33":9,"s:57:41:57:75":22,"b:58:20:59:Infinity:undefined:undefined:undefined:undefined":0,"s:58:20:59:Infinity":23,"s:59:24:59:Infinity":24,"f:63:18:63:23":10,"s:63:18:63:33":25,"f:63:33:63:Infinity":11,"s:64:22:64:62":26,"s:66:8:69:Infinity":27,"f:66:41:66:48":12,"s:67:12:67:Infinity":28,"s:68:12:68:Infinity":29,"s:71:8:71:Infinity":30,"f:74:4:74:12":13,"b:75:8:78:Infinity:77:19:78:Infinity":1,"s:75:8:78:Infinity":31,"s:76:12:76:Infinity":32,"b:77:19:78:Infinity:undefined:undefined:undefined:undefined":2,"s:77:19:78:Infinity":33,"s:78:12:78:Infinity":34,"f:82:4:82:12":14,"s:83:29:91:Infinity":35,"f:83:67:83:74":15,"s:84:12:89:Infinity":36,"s:85:16:85:Infinity":37,"s:86:16:86:Infinity":38,"s:87:16:87:Infinity":39,"s:89:16:89:Infinity":40,"b:89:22:89:37:89:37:89:60":3,"s:93:8:93:Infinity":41,"s:94:25:94:Infinity":42,"b:94:25:94:52:94:56:94:Infinity":4,"s:95:8:95:Infinity":43,"s:97:8:97:Infinity":44,"f:100:4:100:12":16,"s:101:8:101:Infinity":45,"s:102:8:104:Infinity":46,"f:102:32:102:50":17,"s:103:12:103:Infinity":47,"f:107:4:107:12":18,"s:108:23:108:66":48,"s:109:8:109:Infinity":49,"b:109:27:109:45:109:49:109:Infinity":5,"s:110:8:110:Infinity":50,"b:110:27:110:47:110:51:110:Infinity":6,"s:112:8:112:Infinity":51,"f:115:4:115:12":19,"b:115:54:115:58":7,"s:116:20:116:49":52,"b:118:8:121:Infinity:120:15:121:Infinity":8,"s:118:8:121:Infinity":53,"s:119:12:119:Infinity":54,"s:121:12:121:Infinity":55,"b:124:8:127:Infinity:126:15:127:Infinity":9,"s:124:8:127:Infinity":56,"s:125:12:125:Infinity":57,"s:127:12:127:Infinity":58,"s:130:8:130:Infinity":59,"s:132:8:132:Infinity":60,"s:133:8:133:Infinity":61,"s:134:8:134:Infinity":62,"f:137:18:137:29":20,"s:138:8:138:Infinity":63,"s:139:8:139:Infinity":64,"s:140:8:140:Infinity":65,"s:142:8:152:Infinity":66,"b:144:12:147:Infinity:146:19:147:Infinity":10,"s:144:12:147:Infinity":67,"s:145:16:145:Infinity":68,"s:147:16:147:Infinity":69,"s:150:12:150:Infinity":70,"s:152:12:152:Infinity":71,"b:152:50:152:65:152:65:152:85":11,"f:156:4:156:14":21,"s:157:8:157:Infinity":72,"f:169:4:169:14":22,"s:170:36:170:87":73,"s:171:33:171:81":74,"s:172:35:172:86":75,"s:173:34:173:84":76,"s:174:32:174:79":77,"s:175:34:175:84":78,"b:177:8:185:Infinity:undefined:undefined:undefined:undefined":12,"s:177:8:185:Infinity":79,"b:177:12:177:35:177:35:177:55:177:55:177:77:177:77:177:98:177:98:177:117:177:117:177:136":13,"s:178:12:178:Infinity":80,"s:179:12:179:Infinity":81,"s:180:12:180:Infinity":82,"s:181:12:181:Infinity":83,"s:182:12:182:Infinity":84,"s:183:12:183:Infinity":85,"s:184:12:184:Infinity":86,"s:185:12:185:Infinity":87}}}
,"/Users/seand/development/TestProject/ClientApp/components/AudioPlayer.ts": {"path":"/Users/seand/development/TestProject/ClientApp/components/AudioPlayer.ts","statementMap":{"0":{"start":{"line":11,"column":8},"end":{"line":11,"column":null}},"1":{"start":{"line":12,"column":8},"end":{"line":12,"column":null}},"2":{"start":{"line":16,"column":8},"end":{"line":16,"column":null}},"3":{"start":{"line":20,"column":8},"end":{"line":20,"column":null}},"4":{"start":{"line":24,"column":8},"end":{"line":24,"column":null}},"5":{"start":{"line":28,"column":8},"end":{"line":29,"column":null}},"6":{"start":{"line":29,"column":12},"end":{"line":29,"column":null}},"7":{"start":{"line":32,"column":8},"end":{"line":35,"column":null}}},"fnMap":{"0":{"name":"(anonymous_0)","decl":{"start":{"line":10,"column":4},"end":{"line":10,"column":18}},"loc":{"start":{"line":10,"column":18},"end":{"line":12,"column":null}},"line":10},"1":{"name":"(anonymous_1)","decl":{"start":{"line":15,"column":4},"end":{"line":15,"column":11}},"loc":{"start":{"line":15,"column":47},"end":{"line":16,"column":null}},"line":15},"2":{"name":"(anonymous_2)","decl":{"start":{"line":19,"column":4},"end":{"line":19,"column":11}},"loc":{"start":{"line":19,"column":54},"end":{"line":20,"column":null}},"line":19},"3":{"name":"(anonymous_3)","decl":{"start":{"line":23,"column":4},"end":{"line":23,"column":11}},"loc":{"start":{"line":23,"column":18},"end":{"line":24,"column":null}},"line":23},"4":{"name":"(anonymous_4)","decl":{"start":{"line":27,"column":4},"end":{"line":27,"column":14}},"loc":{"start":{"line":27,"column":31},"end":{"line":35,"column":null}},"line":27}},"branchMap":{"0":{"loc":{"start":{"line":28,"column":8},"end":{"line":29,"column":null}},"type":"if","locations":[{"start":{"line":28,"column":8},"end":{"line":29,"column":null}},{"start":{},"end":{}}],"line":28}},"s":{"0":4,"1":4,"2":3,"3":1,"4":1,"5":8,"6":5,"7":3},"f":{"0":4,"1":3,"2":1,"3":1,"4":8},"b":{"0":[5,3]},"meta":{"lastBranch":1,"lastFunction":5,"lastStatement":8,"seen":{"f:10:4:10:18":0,"s:11:8:11:Infinity":0,"s:12:8:12:Infinity":1,"f:15:4:15:11":1,"s:16:8:16:Infinity":2,"f:19:4:19:11":2,"s:20:8:20:Infinity":3,"f:23:4:23:11":3,"s:24:8:24:Infinity":4,"f:27:4:27:14":4,"b:28:8:29:Infinity:undefined:undefined:undefined:undefined":0,"s:28:8:29:Infinity":5,"s:29:12:29:Infinity":6,"s:32:8:35:Infinity":7}}}
,"/Users/seand/development/TestProject/ClientApp/components/Breadcrumbs.ts": {"path":"/Users/seand/development/TestProject/ClientApp/components/Breadcrumbs.ts","statementMap":{"0":{"start":{"line":11,"column":8},"end":{"line":11,"column":null}},"1":{"start":{"line":12,"column":8},"end":{"line":12,"column":null}},"2":{"start":{"line":13,"column":8},"end":{"line":13,"column":null}},"3":{"start":{"line":17,"column":8},"end":{"line":17,"column":null}},"4":{"start":{"line":21,"column":8},"end":{"line":21,"column":null}},"5":{"start":{"line":21,"column":37},"end":{"line":21,"column":null}},"6":{"start":{"line":23,"column":22},"end":{"line":23,"column":55}},"7":{"start":{"line":24,"column":30},"end":{"line":24,"column":null}},"8":{"start":{"line":26,"column":31},"end":{"line":26,"column":null}},"9":{"start":{"line":27,"column":8},"end":{"line":29,"column":null}},"10":{"start":{"line":27,"column":21},"end":{"line":27,"column":24}},"11":{"start":{"line":28,"column":12},"end":{"line":28,"column":null}},"12":{"start":{"line":29,"column":12},"end":{"line":29,"column":null}},"13":{"start":{"line":32,"column":8},"end":{"line":32,"column":null}},"14":{"start":{"line":36,"column":25},"end":{"line":36,"column":67}},"15":{"start":{"line":37,"column":8},"end":{"line":43,"column":null}},"16":{"start":{"line":38,"column":12},"end":{"line":42,"column":null}},"17":{"start":{"line":39,"column":16},"end":{"line":39,"column":null}},"18":{"start":{"line":40,"column":30},"end":{"line":40,"column":null}},"19":{"start":{"line":41,"column":16},"end":{"line":41,"column":null}}},"fnMap":{"0":{"name":"(anonymous_0)","decl":{"start":{"line":10,"column":4},"end":{"line":10,"column":16}},"loc":{"start":{"line":10,"column":52},"end":{"line":13,"column":null}},"line":10},"1":{"name":"(anonymous_1)","decl":{"start":{"line":16,"column":4},"end":{"line":16,"column":11}},"loc":{"start":{"line":16,"column":36},"end":{"line":17,"column":null}},"line":16},"2":{"name":"(anonymous_2)","decl":{"start":{"line":20,"column":4},"end":{"line":20,"column":14}},"loc":{"start":{"line":20,"column":31},"end":{"line":32,"column":null}},"line":20},"3":{"name":"(anonymous_3)","decl":{"start":{"line":35,"column":4},"end":{"line":35,"column":14}},"loc":{"start":{"line":35,"column":40},"end":{"line":43,"column":null}},"line":35},"4":{"name":"(anonymous_4)","decl":{"start":{"line":37,"column":17},"end":{"line":37,"column":25}},"loc":{"start":{"line":37,"column":33},"end":{"line":43,"column":null}},"line":37},"5":{"name":"(anonymous_5)","decl":{"start":{"line":38,"column":34},"end":{"line":38,"column":44}},"loc":{"start":{"line":38,"column":50},"end":{"line":42,"column":null}},"line":38}},"branchMap":{"0":{"loc":{"start":{"line":21,"column":8},"end":{"line":21,"column":null}},"type":"if","locations":[{"start":{"line":21,"column":8},"end":{"line":21,"column":null}},{"start":{},"end":{}}],"line":21},"1":{"loc":{"start":{"line":28,"column":33},"end":{"line":28,"column":55}},"type":"cond-expr","locations":[{"start":{"line":28,"column":43},"end":{"line":28,"column":48}},{"start":{"line":28,"column":48},"end":{"line":28,"column":55}}],"line":28},"2":{"loc":{"start":{"line":40,"column":30},"end":{"line":40,"column":null}},"type":"binary-expr","locations":[{"start":{"line":40,"column":30},"end":{"line":40,"column":87}},{"start":{"line":40,"column":91},"end":{"line":40,"column":null}}],"line":40}},"s":{"0":3,"1":3,"2":3,"3":2,"4":5,"5":3,"6":2,"7":2,"8":2,"9":2,"10":2,"11":4,"12":4,"13":2,"14":5,"15":5,"16":6,"17":1,"18":1,"19":1},"f":{"0":3,"1":2,"2":5,"3":5,"4":6,"5":1},"b":{"0":[3,2],"1":[2,2],"2":[1,0]},"meta":{"lastBranch":3,"lastFunction":6,"lastStatement":20,"seen":{"f:10:4:10:16":0,"s:11:8:11:Infinity":0,"s:12:8:12:Infinity":1,"s:13:8:13:Infinity":2,"f:16:4:16:11":1,"s:17:8:17:Infinity":3,"f:20:4:20:14":2,"b:21:8:21:Infinity:undefined:undefined:undefined:undefined":0,"s:21:8:21:Infinity":4,"s:21:37:21:Infinity":5,"s:23:22:23:55":6,"s:24:30:24:Infinity":7,"s:26:31:26:Infinity":8,"s:27:8:29:Infinity":9,"s:27:21:27:24":10,"s:28:12:28:Infinity":11,"b:28:43:28:48:28:48:28:55":1,"s:29:12:29:Infinity":12,"s:32:8:32:Infinity":13,"f:35:4:35:14":3,"s:36:25:36:67":14,"s:37:8:43:Infinity":15,"f:37:17:37:25":4,"s:38:12:42:Infinity":16,"f:38:34:38:44":5,"s:39:16:39:Infinity":17,"s:40:30:40:Infinity":18,"b:40:30:40:87:40:91:40:Infinity":2,"s:41:16:41:Infinity":19}}}
,"/Users/seand/development/TestProject/ClientApp/components/Dialog.ts": {"path":"/Users/seand/development/TestProject/ClientApp/components/Dialog.ts","statementMap":{"0":{"start":{"line":9,"column":52},"end":{"line":9,"column":null}},"1":{"start":{"line":13,"column":8},"end":{"line":13,"column":null}},"2":{"start":{"line":14,"column":8},"end":{"line":14,"column":null}},"3":{"start":{"line":17,"column":8},"end":{"line":17,"column":null}},"4":{"start":{"line":18,"column":8},"end":{"line":18,"column":null}},"5":{"start":{"line":25,"column":8},"end":{"line":25,"column":null}},"6":{"start":{"line":26,"column":8},"end":{"line":26,"column":null}},"7":{"start":{"line":30,"column":8},"end":{"line":33,"column":null}},"8":{"start":{"line":31,"column":12},"end":{"line":31,"column":null}},"9":{"start":{"line":33,"column":12},"end":{"line":33,"column":null}},"10":{"start":{"line":36,"column":25},"end":{"line":36,"column":null}},"11":{"start":{"line":37,"column":8},"end":{"line":38,"column":null}},"12":{"start":{"line":38,"column":12},"end":{"line":38,"column":null}},"13":{"start":{"line":43,"column":8},"end":{"line":43,"column":null}},"14":{"start":{"line":44,"column":25},"end":{"line":44,"column":null}},"15":{"start":{"line":45,"column":8},"end":{"line":46,"column":null}},"16":{"start":{"line":46,"column":12},"end":{"line":46,"column":null}},"17":{"start":{"line":48,"column":8},"end":{"line":48,"column":null}},"18":{"start":{"line":52,"column":8},"end":{"line":54,"column":null}},"19":{"start":{"line":64,"column":25},"end":{"line":64,"column":null}},"20":{"start":{"line":65,"column":25},"end":{"line":65,"column":72}},"21":{"start":{"line":68,"column":8},"end":{"line":69,"column":null}},"22":{"start":{"line":69,"column":12},"end":{"line":69,"column":null}},"23":{"start":{"line":69,"column":53},"end":{"line":69,"column":65}},"24":{"start":{"line":73,"column":33},"end":{"line":73,"column":88}},"25":{"start":{"line":74,"column":8},"end":{"line":79,"column":null}},"26":{"start":{"line":78,"column":12},"end":{"line":78,"column":null}},"27":{"start":{"line":79,"column":12},"end":{"line":79,"column":null}},"28":{"start":{"line":83,"column":8},"end":{"line":90,"column":null}},"29":{"start":{"line":84,"column":25},"end":{"line":84,"column":57}},"30":{"start":{"line":85,"column":32},"end":{"line":86,"column":null}},"31":{"start":{"line":87,"column":12},"end":{"line":88,"column":null}},"32":{"start":{"line":88,"column":16},"end":{"line":88,"column":null}}},"fnMap":{"0":{"name":"(anonymous_0)","decl":{"start":{"line":12,"column":4},"end":{"line":12,"column":16}},"loc":{"start":{"line":12,"column":52},"end":{"line":18,"column":null}},"line":12},"1":{"name":"(anonymous_1)","decl":{"start":{"line":24,"column":4},"end":{"line":24,"column":11}},"loc":{"start":{"line":24,"column":49},"end":{"line":26,"column":null}},"line":24},"2":{"name":"(anonymous_2)","decl":{"start":{"line":29,"column":4},"end":{"line":29,"column":11}},"loc":{"start":{"line":29,"column":32},"end":{"line":38,"column":null}},"line":29},"3":{"name":"(anonymous_3)","decl":{"start":{"line":42,"column":4},"end":{"line":42,"column":11}},"loc":{"start":{"line":42,"column":19},"end":{"line":48,"column":null}},"line":42},"4":{"name":"(anonymous_4)","decl":{"start":{"line":51,"column":4},"end":{"line":51,"column":14}},"loc":{"start":{"line":51,"column":31},"end":{"line":54,"column":null}},"line":51},"5":{"name":"(anonymous_5)","decl":{"start":{"line":63,"column":4},"end":{"line":63,"column":14}},"loc":{"start":{"line":63,"column":40},"end":{"line":90,"column":null}},"line":63},"6":{"name":"(anonymous_6)","decl":{"start":{"line":69,"column":38},"end":{"line":69,"column":53}},"loc":{"start":{"line":69,"column":53},"end":{"line":69,"column":65}},"line":69},"7":{"name":"(anonymous_7)","decl":{"start":{"line":83,"column":34},"end":{"line":83,"column":44}},"loc":{"start":{"line":83,"column":50},"end":{"line":90,"column":null}},"line":83}},"branchMap":{"0":{"loc":{"start":{"line":30,"column":8},"end":{"line":33,"column":null}},"type":"if","locations":[{"start":{"line":30,"column":8},"end":{"line":33,"column":null}},{"start":{"line":32,"column":15},"end":{"line":33,"column":null}}],"line":30},"1":{"loc":{"start":{"line":37,"column":8},"end":{"line":38,"column":null}},"type":"if","locations":[{"start":{"line":37,"column":8},"end":{"line":38,"column":null}},{"start":{},"end":{}}],"line":37},"2":{"loc":{"start":{"line":45,"column":8},"end":{"line":46,"column":null}},"type":"if","locations":[{"start":{"line":45,"column":8},"end":{"line":46,"column":null}},{"start":{},"end":{}}],"line":45},"3":{"loc":{"start":{"line":68,"column":8},"end":{"line":69,"column":null}},"type":"if","locations":[{"start":{"line":68,"column":8},"end":{"line":69,"column":null}},{"start":{},"end":{}}],"line":68},"4":{"loc":{"start":{"line":74,"column":8},"end":{"line":79,"column":null}},"type":"if","locations":[{"start":{"line":74,"column":8},"end":{"line":79,"column":null}},{"start":{},"end":{}}],"line":74},"5":{"loc":{"start":{"line":74,"column":12},"end":{"line":74,"column":53}},"type":"binary-expr","locations":[{"start":{"line":74,"column":12},"end":{"line":74,"column":32}},{"start":{"line":74,"column":32},"end":{"line":74,"column":53}}],"line":74},"6":{"loc":{"start":{"line":85,"column":32},"end":{"line":86,"column":null}},"type":"binary-expr","locations":[{"start":{"line":85,"column":32},"end":{"line":85,"column":57}},{"start":{"line":85,"column":57},"end":{"line":85,"column":null}},{"start":{"line":86,"column":16},"end":{"line":86,"column":42}},{"start":{"line":86,"column":42},"end":{"line":86,"column":null}}],"line":85},"7":{"loc":{"start":{"line":87,"column":12},"end":{"line":88,"column":null}},"type":"if","locations":[{"start":{"line":87,"column":12},"end":{"line":88,"column":null}},{"start":{},"end":{}}],"line":87}},"s":{"0":4,"1":4,"2":4,"3":4,"4":4,"5":1,"6":1,"7":2,"8":0,"9":2,"10":2,"11":2,"12":2,"13":1,"14":1,"15":1,"16":1,"17":1,"18":8,"19":8,"20":8,"21":8,"22":8,"23":0,"24":8,"25":8,"26":1,"27":1,"28":8,"29":0,"30":0,"31":0,"32":0},"f":{"0":4,"1":1,"2":2,"3":1,"4":8,"5":8,"6":0,"7":0},"b":{"0":[0,2],"1":[2,0],"2":[1,0],"3":[8,0],"4":[1,7],"5":[8,8],"6":[0,0,0,0],"7":[0,0]},"meta":{"lastBranch":8,"lastFunction":8,"lastStatement":33,"seen":{"s:9:52:9:Infinity":0,"f:12:4:12:16":0,"s:13:8:13:Infinity":1,"s:14:8:14:Infinity":2,"s:17:8:17:Infinity":3,"s:18:8:18:Infinity":4,"f:24:4:24:11":1,"s:25:8:25:Infinity":5,"s:26:8:26:Infinity":6,"f:29:4:29:11":2,"b:30:8:33:Infinity:32:15:33:Infinity":0,"s:30:8:33:Infinity":7,"s:31:12:31:Infinity":8,"s:33:12:33:Infinity":9,"s:36:25:36:Infinity":10,"b:37:8:38:Infinity:undefined:undefined:undefined:undefined":1,"s:37:8:38:Infinity":11,"s:38:12:38:Infinity":12,"f:42:4:42:11":3,"s:43:8:43:Infinity":13,"s:44:25:44:Infinity":14,"b:45:8:46:Infinity:undefined:undefined:undefined:undefined":2,"s:45:8:46:Infinity":15,"s:46:12:46:Infinity":16,"s:48:8:48:Infinity":17,"f:51:4:51:14":4,"s:52:8:54:Infinity":18,"f:63:4:63:14":5,"s:64:25:64:Infinity":19,"s:65:25:65:72":20,"b:68:8:69:Infinity:undefined:undefined:undefined:undefined":3,"s:68:8:69:Infinity":21,"s:69:12:69:Infinity":22,"f:69:38:69:53":6,"s:69:53:69:65":23,"s:73:33:73:88":24,"b:74:8:79:Infinity:undefined:undefined:undefined:undefined":4,"s:74:8:79:Infinity":25,"b:74:12:74:32:74:32:74:53":5,"s:78:12:78:Infinity":26,"s:79:12:79:Infinity":27,"s:83:8:90:Infinity":28,"f:83:34:83:44":7,"s:84:25:84:57":29,"s:85:32:86:Infinity":30,"b:85:32:85:57:85:57:85:Infinity:86:16:86:42:86:42:86:Infinity":6,"b:87:12:88:Infinity:undefined:undefined:undefined:undefined":7,"s:87:12:88:Infinity":31,"s:88:16:88:Infinity":32}}}
,"/Users/seand/development/TestProject/ClientApp/components/FileList.ts": {"path":"/Users/seand/development/TestProject/ClientApp/components/FileList.ts","statementMap":{"0":{"start":{"line":19,"column":8},"end":{"line":19,"column":null}},"1":{"start":{"line":20,"column":8},"end":{"line":20,"column":null}},"2":{"start":{"line":21,"column":8},"end":{"line":21,"column":null}},"3":{"start":{"line":22,"column":8},"end":{"line":22,"column":null}},"4":{"start":{"line":23,"column":8},"end":{"line":23,"column":null}},"5":{"start":{"line":24,"column":8},"end":{"line":24,"column":null}},"6":{"start":{"line":25,"column":8},"end":{"line":25,"column":null}},"7":{"start":{"line":26,"column":8},"end":{"line":26,"column":null}},"8":{"start":{"line":30,"column":8},"end":{"line":30,"column":null}},"9":{"start":{"line":34,"column":8},"end":{"line":34,"column":null}},"10":{"start":{"line":34,"column":25},"end":{"line":34,"column":null}},"11":{"start":{"line":35,"column":18},"end":{"line":35,"column":null}},"12":{"start":{"line":36,"column":22},"end":{"line":36,"column":null}},"13":{"start":{"line":37,"column":18},"end":{"line":37,"column":59}},"14":{"start":{"line":38,"column":8},"end":{"line":38,"column":null}},"15":{"start":{"line":42,"column":8},"end":{"line":43,"column":null}},"16":{"start":{"line":43,"column":12},"end":{"line":43,"column":null}},"17":{"start":{"line":46,"column":28},"end":{"line":51,"column":null}},"18":{"start":{"line":47,"column":12},"end":{"line":48,"column":null}},"19":{"start":{"line":48,"column":16},"end":{"line":48,"column":null}},"20":{"start":{"line":50,"column":12},"end":{"line":50,"column":null}},"21":{"start":{"line":53,"column":8},"end":{"line":81,"column":null}},"22":{"start":{"line":54,"column":29},"end":{"line":54,"column":null}},"23":{"start":{"line":55,"column":26},"end":{"line":55,"column":null}},"24":{"start":{"line":56,"column":25},"end":{"line":56,"column":null}},"25":{"start":{"line":57,"column":28},"end":{"line":57,"column":72}},"26":{"start":{"line":58,"column":28},"end":{"line":58,"column":72}},"27":{"start":{"line":60,"column":31},"end":{"line":60,"column":null}},"28":{"start":{"line":62,"column":12},"end":{"line":77,"column":null}},"29":{"start":{"line":85,"column":8},"end":{"line":86,"column":null}},"30":{"start":{"line":86,"column":12},"end":{"line":86,"column":null}},"31":{"start":{"line":89,"column":22},"end":{"line":90,"column":null}},"32":{"start":{"line":92,"column":8},"end":{"line":105,"column":null}},"33":{"start":{"line":111,"column":25},"end":{"line":111,"column":67}},"34":{"start":{"line":112,"column":8},"end":{"line":118,"column":null}},"35":{"start":{"line":113,"column":12},"end":{"line":117,"column":null}},"36":{"start":{"line":114,"column":16},"end":{"line":114,"column":null}},"37":{"start":{"line":115,"column":30},"end":{"line":115,"column":null}},"38":{"start":{"line":116,"column":16},"end":{"line":116,"column":null}},"39":{"start":{"line":120,"column":28},"end":{"line":120,"column":70}},"40":{"start":{"line":121,"column":8},"end":{"line":128,"column":null}},"41":{"start":{"line":122,"column":12},"end":{"line":127,"column":null}},"42":{"start":{"line":123,"column":31},"end":{"line":123,"column":null}},"43":{"start":{"line":124,"column":29},"end":{"line":124,"column":null}},"44":{"start":{"line":125,"column":29},"end":{"line":125,"column":null}},"45":{"start":{"line":126,"column":16},"end":{"line":126,"column":null}},"46":{"start":{"line":130,"column":28},"end":{"line":130,"column":70}},"47":{"start":{"line":131,"column":8},"end":{"line":136,"column":null}},"48":{"start":{"line":132,"column":12},"end":{"line":135,"column":null}},"49":{"start":{"line":133,"column":30},"end":{"line":133,"column":null}},"50":{"start":{"line":134,"column":16},"end":{"line":134,"column":null}},"51":{"start":{"line":138,"column":30},"end":{"line":138,"column":74}},"52":{"start":{"line":139,"column":8},"end":{"line":146,"column":null}},"53":{"start":{"line":140,"column":12},"end":{"line":145,"column":null}},"54":{"start":{"line":141,"column":30},"end":{"line":141,"column":null}},"55":{"start":{"line":142,"column":16},"end":{"line":143,"column":null}},"56":{"start":{"line":143,"column":20},"end":{"line":143,"column":null}},"57":{"start":{"line":148,"column":25},"end":{"line":148,"column":65}},"58":{"start":{"line":149,"column":8},"end":{"line":152,"column":null}},"59":{"start":{"line":150,"column":12},"end":{"line":152,"column":null}},"60":{"start":{"line":151,"column":16},"end":{"line":151,"column":null}}},"fnMap":{"0":{"name":"(anonymous_0)","decl":{"start":{"line":18,"column":4},"end":{"line":18,"column":16}},"loc":{"start":{"line":18,"column":240},"end":{"line":26,"column":null}},"line":18},"1":{"name":"(anonymous_1)","decl":{"start":{"line":29,"column":4},"end":{"line":29,"column":11}},"loc":{"start":{"line":29,"column":96},"end":{"line":30,"column":null}},"line":29},"2":{"name":"(anonymous_2)","decl":{"start":{"line":33,"column":4},"end":{"line":33,"column":12}},"loc":{"start":{"line":33,"column":46},"end":{"line":38,"column":null}},"line":33},"3":{"name":"(anonymous_3)","decl":{"start":{"line":41,"column":4},"end":{"line":41,"column":12}},"loc":{"start":{"line":41,"column":34},"end":{"line":81,"column":null}},"line":41},"4":{"name":"(anonymous_4)","decl":{"start":{"line":46,"column":58},"end":{"line":46,"column":64}},"loc":{"start":{"line":46,"column":73},"end":{"line":51,"column":null}},"line":46},"5":{"name":"(anonymous_5)","decl":{"start":{"line":53,"column":27},"end":{"line":53,"column":31}},"loc":{"start":{"line":53,"column":39},"end":{"line":81,"column":11}},"line":53},"6":{"name":"(anonymous_6)","decl":{"start":{"line":84,"column":4},"end":{"line":84,"column":14}},"loc":{"start":{"line":84,"column":31},"end":{"line":105,"column":null}},"line":84},"7":{"name":"(anonymous_7)","decl":{"start":{"line":110,"column":4},"end":{"line":110,"column":14}},"loc":{"start":{"line":110,"column":40},"end":{"line":152,"column":null}},"line":110},"8":{"name":"(anonymous_8)","decl":{"start":{"line":112,"column":17},"end":{"line":112,"column":25}},"loc":{"start":{"line":112,"column":33},"end":{"line":118,"column":null}},"line":112},"9":{"name":"(anonymous_9)","decl":{"start":{"line":113,"column":34},"end":{"line":113,"column":44}},"loc":{"start":{"line":113,"column":50},"end":{"line":117,"column":null}},"line":113},"10":{"name":"(anonymous_10)","decl":{"start":{"line":121,"column":20},"end":{"line":121,"column":28}},"loc":{"start":{"line":121,"column":35},"end":{"line":128,"column":null}},"line":121},"11":{"name":"(anonymous_11)","decl":{"start":{"line":122,"column":33},"end":{"line":122,"column":43}},"loc":{"start":{"line":122,"column":49},"end":{"line":127,"column":null}},"line":122},"12":{"name":"(anonymous_12)","decl":{"start":{"line":131,"column":20},"end":{"line":131,"column":28}},"loc":{"start":{"line":131,"column":35},"end":{"line":136,"column":null}},"line":131},"13":{"name":"(anonymous_13)","decl":{"start":{"line":132,"column":33},"end":{"line":132,"column":43}},"loc":{"start":{"line":132,"column":49},"end":{"line":135,"column":null}},"line":132},"14":{"name":"(anonymous_14)","decl":{"start":{"line":139,"column":22},"end":{"line":139,"column":30}},"loc":{"start":{"line":139,"column":37},"end":{"line":146,"column":null}},"line":139},"15":{"name":"(anonymous_15)","decl":{"start":{"line":140,"column":42},"end":{"line":140,"column":49}},"loc":{"start":{"line":140,"column":55},"end":{"line":145,"column":null}},"line":140},"16":{"name":"(anonymous_16)","decl":{"start":{"line":150,"column":38},"end":{"line":150,"column":53}},"loc":{"start":{"line":150,"column":53},"end":{"line":152,"column":null}},"line":150}},"branchMap":{"0":{"loc":{"start":{"line":34,"column":8},"end":{"line":34,"column":null}},"type":"if","locations":[{"start":{"line":34,"column":8},"end":{"line":34,"column":null}},{"start":{},"end":{}}],"line":34},"1":{"loc":{"start":{"line":42,"column":8},"end":{"line":43,"column":null}},"type":"if","locations":[{"start":{"line":42,"column":8},"end":{"line":43,"column":null}},{"start":{},"end":{}}],"line":42},"2":{"loc":{"start":{"line":42,"column":12},"end":{"line":42,"column":74}},"type":"binary-expr","locations":[{"start":{"line":42,"column":12},"end":{"line":42,"column":35}},{"start":{"line":42,"column":35},"end":{"line":42,"column":74}}],"line":42},"3":{"loc":{"start":{"line":47,"column":12},"end":{"line":48,"column":null}},"type":"if","locations":[{"start":{"line":47,"column":12},"end":{"line":48,"column":null}},{"start":{},"end":{}}],"line":47},"4":{"loc":{"start":{"line":48,"column":23},"end":{"line":48,"column":null}},"type":"cond-expr","locations":[{"start":{"line":48,"column":59},"end":{"line":48,"column":64}},{"start":{"line":48,"column":64},"end":{"line":48,"column":null}}],"line":48},"5":{"loc":{"start":{"line":56,"column":25},"end":{"line":56,"column":null}},"type":"cond-expr","locations":[{"start":{"line":56,"column":36},"end":{"line":56,"column":43}},{"start":{"line":56,"column":43},"end":{"line":56,"column":null}}],"line":56},"6":{"loc":{"start":{"line":57,"column":28},"end":{"line":57,"column":72}},"type":"cond-expr","locations":[{"start":{"line":57,"column":39},"end":{"line":57,"column":46}},{"start":{"line":57,"column":46},"end":{"line":57,"column":72}}],"line":57},"7":{"loc":{"start":{"line":60,"column":31},"end":{"line":60,"column":null}},"type":"cond-expr","locations":[{"start":{"line":60,"column":39},"end":{"line":60,"column":151}},{"start":{"line":60,"column":151},"end":{"line":60,"column":null}}],"line":60},"8":{"loc":{"start":{"line":63,"column":40},"end":{"line":63,"column":69}},"type":"cond-expr","locations":[{"start":{"line":63,"column":51},"end":{"line":63,"column":62}},{"start":{"line":63,"column":62},"end":{"line":63,"column":69}}],"line":63},"9":{"loc":{"start":{"line":66,"column":26},"end":{"line":68,"column":null}},"type":"cond-expr","locations":[{"start":{"line":67,"column":28},"end":{"line":67,"column":null}},{"start":{"line":68,"column":28},"end":{"line":68,"column":null}}],"line":66},"10":{"loc":{"start":{"line":75,"column":26},"end":{"line":75,"column":null}},"type":"cond-expr","locations":[{"start":{"line":75,"column":38},"end":{"line":75,"column":134}},{"start":{"line":75,"column":134},"end":{"line":75,"column":null}}],"line":75},"11":{"loc":{"start":{"line":85,"column":8},"end":{"line":86,"column":null}},"type":"if","locations":[{"start":{"line":85,"column":8},"end":{"line":86,"column":null}},{"start":{},"end":{}}],"line":85},"12":{"loc":{"start":{"line":89,"column":22},"end":{"line":90,"column":null}},"type":"cond-expr","locations":[{"start":{"line":90,"column":12},"end":{"line":90,"column":148}},{"start":{"line":90,"column":148},"end":{"line":90,"column":null}}],"line":89},"13":{"loc":{"start":{"line":94,"column":18},"end":{"line":94,"column":null}},"type":"cond-expr","locations":[{"start":{"line":94,"column":41},"end":{"line":94,"column":56}},{"start":{"line":94,"column":56},"end":{"line":94,"column":null}}],"line":94},"14":{"loc":{"start":{"line":105,"column":18},"end":{"line":105,"column":110}},"type":"cond-expr","locations":[{"start":{"line":105,"column":41},"end":{"line":105,"column":92}},{"start":{"line":105,"column":92},"end":{"line":105,"column":110}}],"line":105},"15":{"loc":{"start":{"line":115,"column":30},"end":{"line":115,"column":null}},"type":"binary-expr","locations":[{"start":{"line":115,"column":30},"end":{"line":115,"column":87}},{"start":{"line":115,"column":91},"end":{"line":115,"column":null}}],"line":115},"16":{"loc":{"start":{"line":124,"column":29},"end":{"line":124,"column":null}},"type":"binary-expr","locations":[{"start":{"line":124,"column":29},"end":{"line":124,"column":61}},{"start":{"line":124,"column":65},"end":{"line":124,"column":null}}],"line":124},"17":{"loc":{"start":{"line":125,"column":29},"end":{"line":125,"column":null}},"type":"binary-expr","locations":[{"start":{"line":125,"column":29},"end":{"line":125,"column":61}},{"start":{"line":125,"column":65},"end":{"line":125,"column":null}}],"line":125},"18":{"loc":{"start":{"line":133,"column":30},"end":{"line":133,"column":null}},"type":"binary-expr","locations":[{"start":{"line":133,"column":30},"end":{"line":133,"column":87}},{"start":{"line":133,"column":91},"end":{"line":133,"column":null}}],"line":133},"19":{"loc":{"start":{"line":141,"column":30},"end":{"line":141,"column":null}},"type":"binary-expr","locations":[{"start":{"line":141,"column":30},"end":{"line":141,"column":87}},{"start":{"line":141,"column":91},"end":{"line":141,"column":null}}],"line":141},"20":{"loc":{"start":{"line":142,"column":16},"end":{"line":143,"column":null}},"type":"if","locations":[{"start":{"line":142,"column":16},"end":{"line":143,"column":null}},{"start":{},"end":{}}],"line":142},"21":{"loc":{"start":{"line":142,"column":68},"end":{"line":142,"column":107}},"type":"cond-expr","locations":[{"start":{"line":142,"column":89},"end":{"line":142,"column":98}},{"start":{"line":142,"column":98},"end":{"line":142,"column":107}}],"line":142},"22":{"loc":{"start":{"line":149,"column":8},"end":{"line":152,"column":null}},"type":"if","locations":[{"start":{"line":149,"column":8},"end":{"line":152,"column":null}},{"start":{},"end":{}}],"line":149}},"s":{"0":5,"1":5,"2":5,"3":5,"4":5,"5":5,"6":5,"7":5,"8":4,"9":5,"10":1,"11":4,"12":4,"13":4,"14":4,"15":3,"16":0,"17":3,"18":1,"19":1,"20":0,"21":3,"22":4,"23":4,"24":4,"25":4,"26":4,"27":4,"28":4,"29":9,"30":1,"31":8,"32":9,"33":9,"34":9,"35":2,"36":1,"37":1,"38":1,"39":9,"40":9,"41":2,"42":1,"43":1,"44":1,"45":1,"46":9,"47":9,"48":4,"49":0,"50":0,"51":9,"52":9,"53":4,"54":0,"55":0,"56":0,"57":9,"58":9,"59":1,"60":1},"f":{"0":5,"1":4,"2":5,"3":3,"4":1,"5":4,"6":9,"7":9,"8":2,"9":1,"10":2,"11":1,"12":4,"13":0,"14":4,"15":0,"16":1},"b":{"0":[1,4],"1":[0,3],"2":[3,3],"3":[1,0],"4":[0,1],"5":[2,2],"6":[2,2],"7":[2,2],"8":[2,2],"9":[2,2],"10":[2,2],"11":[1,8],"12":[3,5],"13":[5,3],"14":[5,3],"15":[1,0],"16":[1,0],"17":[1,0],"18":[0,0],"19":[0,0],"20":[0,0],"21":[0,0],"22":[1,8]},"meta":{"lastBranch":23,"lastFunction":17,"lastStatement":61,"seen":{"f:18:4:18:16":0,"s:19:8:19:Infinity":0,"s:20:8:20:Infinity":1,"s:21:8:21:Infinity":2,"s:22:8:22:Infinity":3,"s:23:8:23:Infinity":4,"s:24:8:24:Infinity":5,"s:25:8:25:Infinity":6,"s:26:8:26:Infinity":7,"f:29:4:29:11":1,"s:30:8:30:Infinity":8,"f:33:4:33:12":2,"b:34:8:34:Infinity:undefined:undefined:undefined:undefined":0,"s:34:8:34:Infinity":9,"s:34:25:34:Infinity":10,"s:35:18:35:Infinity":11,"s:36:22:36:Infinity":12,"s:37:18:37:59":13,"s:38:8:38:Infinity":14,"f:41:4:41:12":3,"b:42:8:43:Infinity:undefined:undefined:undefined:undefined":1,"s:42:8:43:Infinity":15,"b:42:12:42:35:42:35:42:74":2,"s:43:12:43:Infinity":16,"s:46:28:51:Infinity":17,"f:46:58:46:64":4,"b:47:12:48:Infinity:undefined:undefined:undefined:undefined":3,"s:47:12:48:Infinity":18,"s:48:16:48:Infinity":19,"b:48:59:48:64:48:64:48:Infinity":4,"s:50:12:50:Infinity":20,"s:53:8:81:Infinity":21,"f:53:27:53:31":5,"s:54:29:54:Infinity":22,"s:55:26:55:Infinity":23,"s:56:25:56:Infinity":24,"b:56:36:56:43:56:43:56:Infinity":5,"s:57:28:57:72":25,"b:57:39:57:46:57:46:57:72":6,"s:58:28:58:72":26,"s:60:31:60:Infinity":27,"b:60:39:60:151:60:151:60:Infinity":7,"s:62:12:77:Infinity":28,"b:63:51:63:62:63:62:63:69":8,"b:67:28:67:Infinity:68:28:68:Infinity":9,"b:75:38:75:134:75:134:75:Infinity":10,"f:84:4:84:14":6,"b:85:8:86:Infinity:undefined:undefined:undefined:undefined":11,"s:85:8:86:Infinity":29,"s:86:12:86:Infinity":30,"s:89:22:90:Infinity":31,"b:90:12:90:148:90:148:90:Infinity":12,"s:92:8:105:Infinity":32,"b:94:41:94:56:94:56:94:Infinity":13,"b:105:41:105:92:105:92:105:110":14,"f:110:4:110:14":7,"s:111:25:111:67":33,"s:112:8:118:Infinity":34,"f:112:17:112:25":8,"s:113:12:117:Infinity":35,"f:113:34:113:44":9,"s:114:16:114:Infinity":36,"s:115:30:115:Infinity":37,"b:115:30:115:87:115:91:115:Infinity":15,"s:116:16:116:Infinity":38,"s:120:28:120:70":39,"s:121:8:128:Infinity":40,"f:121:20:121:28":10,"s:122:12:127:Infinity":41,"f:122:33:122:43":11,"s:123:31:123:Infinity":42,"s:124:29:124:Infinity":43,"b:124:29:124:61:124:65:124:Infinity":16,"s:125:29:125:Infinity":44,"b:125:29:125:61:125:65:125:Infinity":17,"s:126:16:126:Infinity":45,"s:130:28:130:70":46,"s:131:8:136:Infinity":47,"f:131:20:131:28":12,"s:132:12:135:Infinity":48,"f:132:33:132:43":13,"s:133:30:133:Infinity":49,"b:133:30:133:87:133:91:133:Infinity":18,"s:134:16:134:Infinity":50,"s:138:30:138:74":51,"s:139:8:146:Infinity":52,"f:139:22:139:30":14,"s:140:12:145:Infinity":53,"f:140:42:140:49":15,"s:141:30:141:Infinity":54,"b:141:30:141:87:141:91:141:Infinity":19,"b:142:16:143:Infinity:undefined:undefined:undefined:undefined":20,"s:142:16:143:Infinity":55,"b:142:89:142:98:142:98:142:107":21,"s:143:20:143:Infinity":56,"s:148:25:148:65":57,"b:149:8:152:Infinity:undefined:undefined:undefined:undefined":22,"s:149:8:152:Infinity":58,"s:150:12:152:Infinity":59,"f:150:38:150:53":16,"s:151:16:151:Infinity":60}}}
,"/Users/seand/development/TestProject/ClientApp/components/FolderPicker.ts": {"path":"/Users/seand/development/TestProject/ClientApp/components/FolderPicker.ts","statementMap":{"0":{"start":{"line":17,"column":8},"end":{"line":17,"column":null}},"1":{"start":{"line":18,"column":8},"end":{"line":18,"column":null}},"2":{"start":{"line":19,"column":8},"end":{"line":19,"column":null}},"3":{"start":{"line":20,"column":8},"end":{"line":20,"column":null}},"4":{"start":{"line":24,"column":8},"end":{"line":24,"column":null}},"5":{"start":{"line":25,"column":8},"end":{"line":31,"column":null}},"6":{"start":{"line":26,"column":28},"end":{"line":26,"column":66}},"7":{"start":{"line":28,"column":12},"end":{"line":28,"column":null}},"8":{"start":{"line":28,"column":57},"end":{"line":28,"column":94}},"9":{"start":{"line":29,"column":12},"end":{"line":29,"column":null}},"10":{"start":{"line":31,"column":12},"end":{"line":31,"column":null}},"11":{"start":{"line":36,"column":8},"end":{"line":36,"column":null}},"12":{"start":{"line":36,"column":37},"end":{"line":36,"column":null}},"13":{"start":{"line":38,"column":22},"end":{"line":38,"column":55}},"14":{"start":{"line":39,"column":19},"end":{"line":39,"column":null}},"15":{"start":{"line":41,"column":24},"end":{"line":41,"column":null}},"16":{"start":{"line":42,"column":8},"end":{"line":44,"column":null}},"17":{"start":{"line":42,"column":21},"end":{"line":42,"column":24}},"18":{"start":{"line":43,"column":12},"end":{"line":43,"column":null}},"19":{"start":{"line":44,"column":12},"end":{"line":44,"column":null}},"20":{"start":{"line":46,"column":8},"end":{"line":46,"column":null}},"21":{"start":{"line":50,"column":8},"end":{"line":51,"column":null}},"22":{"start":{"line":51,"column":12},"end":{"line":51,"column":null}},"23":{"start":{"line":54,"column":30},"end":{"line":54,"column":104}},"24":{"start":{"line":54,"column":75},"end":{"line":54,"column":103}},"25":{"start":{"line":56,"column":8},"end":{"line":61,"column":null}},"26":{"start":{"line":56,"column":43},"end":{"line":61,"column":11}},"27":{"start":{"line":65,"column":8},"end":{"line":66,"column":null}},"28":{"start":{"line":66,"column":12},"end":{"line":66,"column":null}},"29":{"start":{"line":69,"column":8},"end":{"line":72,"column":null}},"30":{"start":{"line":81,"column":25},"end":{"line":81,"column":74}},"31":{"start":{"line":82,"column":8},"end":{"line":88,"column":null}},"32":{"start":{"line":83,"column":12},"end":{"line":87,"column":null}},"33":{"start":{"line":84,"column":16},"end":{"line":84,"column":null}},"34":{"start":{"line":85,"column":30},"end":{"line":85,"column":null}},"35":{"start":{"line":86,"column":16},"end":{"line":86,"column":null}},"36":{"start":{"line":90,"column":26},"end":{"line":90,"column":74}},"37":{"start":{"line":91,"column":8},"end":{"line":94,"column":null}},"38":{"start":{"line":92,"column":12},"end":{"line":94,"column":null}},"39":{"start":{"line":93,"column":16},"end":{"line":93,"column":null}}},"fnMap":{"0":{"name":"(anonymous_0)","decl":{"start":{"line":16,"column":4},"end":{"line":16,"column":16}},"loc":{"start":{"line":16,"column":93},"end":{"line":20,"column":null}},"line":16},"1":{"name":"(anonymous_1)","decl":{"start":{"line":23,"column":17},"end":{"line":23,"column":26}},"loc":{"start":{"line":23,"column":40},"end":{"line":31,"column":null}},"line":23},"2":{"name":"(anonymous_2)","decl":{"start":{"line":28,"column":42},"end":{"line":28,"column":49}},"loc":{"start":{"line":28,"column":57},"end":{"line":28,"column":94}},"line":28},"3":{"name":"(anonymous_3)","decl":{"start":{"line":35,"column":4},"end":{"line":35,"column":12}},"loc":{"start":{"line":35,"column":40},"end":{"line":46,"column":null}},"line":35},"4":{"name":"(anonymous_4)","decl":{"start":{"line":49,"column":4},"end":{"line":49,"column":12}},"loc":{"start":{"line":49,"column":36},"end":{"line":61,"column":null}},"line":49},"5":{"name":"(anonymous_5)","decl":{"start":{"line":54,"column":60},"end":{"line":54,"column":66}},"loc":{"start":{"line":54,"column":75},"end":{"line":54,"column":103}},"line":54},"6":{"name":"(anonymous_6)","decl":{"start":{"line":56,"column":29},"end":{"line":56,"column":33}},"loc":{"start":{"line":56,"column":43},"end":{"line":61,"column":11}},"line":56},"7":{"name":"(anonymous_7)","decl":{"start":{"line":64,"column":4},"end":{"line":64,"column":14}},"loc":{"start":{"line":64,"column":31},"end":{"line":72,"column":null}},"line":64},"8":{"name":"(anonymous_8)","decl":{"start":{"line":80,"column":4},"end":{"line":80,"column":14}},"loc":{"start":{"line":80,"column":40},"end":{"line":94,"column":null}},"line":80},"9":{"name":"(anonymous_9)","decl":{"start":{"line":82,"column":17},"end":{"line":82,"column":25}},"loc":{"start":{"line":82,"column":33},"end":{"line":88,"column":null}},"line":82},"10":{"name":"(anonymous_10)","decl":{"start":{"line":83,"column":34},"end":{"line":83,"column":44}},"loc":{"start":{"line":83,"column":50},"end":{"line":87,"column":null}},"line":83},"11":{"name":"(anonymous_11)","decl":{"start":{"line":92,"column":39},"end":{"line":92,"column":54}},"loc":{"start":{"line":92,"column":54},"end":{"line":94,"column":null}},"line":92}},"branchMap":{"0":{"loc":{"start":{"line":31,"column":53},"end":{"line":31,"column":95}},"type":"binary-expr","locations":[{"start":{"line":31,"column":53},"end":{"line":31,"column":68}},{"start":{"line":31,"column":68},"end":{"line":31,"column":95}}],"line":31},"1":{"loc":{"start":{"line":36,"column":8},"end":{"line":36,"column":null}},"type":"if","locations":[{"start":{"line":36,"column":8},"end":{"line":36,"column":null}},{"start":{},"end":{}}],"line":36},"2":{"loc":{"start":{"line":43,"column":26},"end":{"line":43,"column":48}},"type":"cond-expr","locations":[{"start":{"line":43,"column":36},"end":{"line":43,"column":41}},{"start":{"line":43,"column":41},"end":{"line":43,"column":48}}],"line":43},"3":{"loc":{"start":{"line":50,"column":8},"end":{"line":51,"column":null}},"type":"if","locations":[{"start":{"line":50,"column":8},"end":{"line":51,"column":null}},{"start":{},"end":{}}],"line":50},"4":{"loc":{"start":{"line":50,"column":12},"end":{"line":50,"column":74}},"type":"binary-expr","locations":[{"start":{"line":50,"column":12},"end":{"line":50,"column":35}},{"start":{"line":50,"column":35},"end":{"line":50,"column":74}}],"line":50},"5":{"loc":{"start":{"line":65,"column":8},"end":{"line":66,"column":null}},"type":"if","locations":[{"start":{"line":65,"column":8},"end":{"line":66,"column":null}},{"start":{},"end":{}}],"line":65},"6":{"loc":{"start":{"line":72,"column":18},"end":{"line":72,"column":103}},"type":"cond-expr","locations":[{"start":{"line":72,"column":41},"end":{"line":72,"column":83}},{"start":{"line":72,"column":83},"end":{"line":72,"column":103}}],"line":72},"7":{"loc":{"start":{"line":85,"column":30},"end":{"line":85,"column":null}},"type":"binary-expr","locations":[{"start":{"line":85,"column":30},"end":{"line":85,"column":87}},{"start":{"line":85,"column":91},"end":{"line":85,"column":null}}],"line":85},"8":{"loc":{"start":{"line":91,"column":8},"end":{"line":94,"column":null}},"type":"if","locations":[{"start":{"line":91,"column":8},"end":{"line":94,"column":null}},{"start":{},"end":{}}],"line":91}},"s":{"0":4,"1":4,"2":4,"3":4,"4":5,"5":5,"6":5,"7":4,"8":2,"9":4,"10":0,"11":13,"12":6,"13":7,"14":7,"15":7,"16":7,"17":7,"18":11,"19":11,"20":7,"21":4,"22":3,"23":1,"24":0,"25":1,"26":1,"27":13,"28":0,"29":13,"30":13,"31":13,"32":19,"33":1,"34":1,"35":1,"36":13,"37":13,"38":13,"39":1},"f":{"0":4,"1":5,"2":2,"3":13,"4":4,"5":0,"6":1,"7":13,"8":13,"9":19,"10":1,"11":1},"b":{"0":[0,0],"1":[6,7],"2":[7,4],"3":[3,1],"4":[4,4],"5":[0,13],"6":[9,4],"7":[1,1],"8":[13,0]},"meta":{"lastBranch":9,"lastFunction":12,"lastStatement":40,"seen":{"f:16:4:16:16":0,"s:17:8:17:Infinity":0,"s:18:8:18:Infinity":1,"s:19:8:19:Infinity":2,"s:20:8:20:Infinity":3,"f:23:17:23:26":1,"s:24:8:24:Infinity":4,"s:25:8:31:Infinity":5,"s:26:28:26:66":6,"s:28:12:28:Infinity":7,"f:28:42:28:49":2,"s:28:57:28:94":8,"s:29:12:29:Infinity":9,"s:31:12:31:Infinity":10,"b:31:53:31:68:31:68:31:95":0,"f:35:4:35:12":3,"b:36:8:36:Infinity:undefined:undefined:undefined:undefined":1,"s:36:8:36:Infinity":11,"s:36:37:36:Infinity":12,"s:38:22:38:55":13,"s:39:19:39:Infinity":14,"s:41:24:41:Infinity":15,"s:42:8:44:Infinity":16,"s:42:21:42:24":17,"s:43:12:43:Infinity":18,"b:43:36:43:41:43:41:43:48":2,"s:44:12:44:Infinity":19,"s:46:8:46:Infinity":20,"f:49:4:49:12":4,"b:50:8:51:Infinity:undefined:undefined:undefined:undefined":3,"s:50:8:51:Infinity":21,"b:50:12:50:35:50:35:50:74":4,"s:51:12:51:Infinity":22,"s:54:30:54:104":23,"f:54:60:54:66":5,"s:54:75:54:103":24,"s:56:8:61:Infinity":25,"f:56:29:56:33":6,"s:56:43:61:11":26,"f:64:4:64:14":7,"b:65:8:66:Infinity:undefined:undefined:undefined:undefined":5,"s:65:8:66:Infinity":27,"s:66:12:66:Infinity":28,"s:69:8:72:Infinity":29,"b:72:41:72:83:72:83:72:103":6,"f:80:4:80:14":8,"s:81:25:81:74":30,"s:82:8:88:Infinity":31,"f:82:17:82:25":9,"s:83:12:87:Infinity":32,"f:83:34:83:44":10,"s:84:16:84:Infinity":33,"s:85:30:85:Infinity":34,"b:85:30:85:87:85:91:85:Infinity":7,"s:86:16:86:Infinity":35,"s:90:26:90:74":36,"b:91:8:94:Infinity:undefined:undefined:undefined:undefined":8,"s:91:8:94:Infinity":37,"s:92:12:94:Infinity":38,"f:92:39:92:54":11,"s:93:16:93:Infinity":39}}}
,"/Users/seand/development/TestProject/ClientApp/components/SearchBar.ts": {"path":"/Users/seand/development/TestProject/ClientApp/components/SearchBar.ts","statementMap":{"0":{"start":{"line":11,"column":8},"end":{"line":11,"column":null}},"1":{"start":{"line":12,"column":8},"end":{"line":12,"column":null}},"2":{"start":{"line":13,"column":8},"end":{"line":13,"column":null}},"3":{"start":{"line":17,"column":8},"end":{"line":18,"column":null}},"4":{"start":{"line":18,"column":12},"end":{"line":18,"column":null}},"5":{"start":{"line":23,"column":8},"end":{"line":24,"column":null}},"6":{"start":{"line":30,"column":26},"end":{"line":30,"column":67}},"7":{"start":{"line":31,"column":28},"end":{"line":31,"column":71}},"8":{"start":{"line":33,"column":14},"end":{"line":35,"column":null}},"9":{"start":{"line":34,"column":12},"end":{"line":35,"column":null}},"10":{"start":{"line":35,"column":16},"end":{"line":35,"column":null}},"11":{"start":{"line":39,"column":8},"end":{"line":40,"column":null}},"12":{"start":{"line":40,"column":12},"end":{"line":40,"column":null}},"13":{"start":{"line":43,"column":8},"end":{"line":48,"column":null}},"14":{"start":{"line":44,"column":12},"end":{"line":48,"column":null}},"15":{"start":{"line":45,"column":16},"end":{"line":46,"column":null}},"16":{"start":{"line":46,"column":20},"end":{"line":46,"column":null}}},"fnMap":{"0":{"name":"(anonymous_0)","decl":{"start":{"line":10,"column":4},"end":{"line":10,"column":16}},"loc":{"start":{"line":10,"column":51},"end":{"line":13,"column":null}},"line":10},"1":{"name":"(anonymous_1)","decl":{"start":{"line":16,"column":4},"end":{"line":16,"column":11}},"loc":{"start":{"line":16,"column":38},"end":{"line":18,"column":null}},"line":16},"2":{"name":"(anonymous_2)","decl":{"start":{"line":22,"column":4},"end":{"line":22,"column":14}},"loc":{"start":{"line":22,"column":31},"end":{"line":24,"column":null}},"line":22},"3":{"name":"(anonymous_3)","decl":{"start":{"line":29,"column":4},"end":{"line":29,"column":14}},"loc":{"start":{"line":29,"column":40},"end":{"line":48,"column":null}},"line":29},"4":{"name":"(anonymous_4)","decl":{"start":{"line":33,"column":14},"end":{"line":33,"column":36}},"loc":{"start":{"line":33,"column":36},"end":{"line":35,"column":null}},"line":33},"5":{"name":"(anonymous_5)","decl":{"start":{"line":44,"column":41},"end":{"line":44,"column":54}},"loc":{"start":{"line":44,"column":60},"end":{"line":48,"column":null}},"line":44}},"branchMap":{"0":{"loc":{"start":{"line":17,"column":8},"end":{"line":18,"column":null}},"type":"if","locations":[{"start":{"line":17,"column":8},"end":{"line":18,"column":null}},{"start":{},"end":{}}],"line":17},"1":{"loc":{"start":{"line":34,"column":12},"end":{"line":35,"column":null}},"type":"if","locations":[{"start":{"line":34,"column":12},"end":{"line":35,"column":null}},{"start":{},"end":{}}],"line":34},"2":{"loc":{"start":{"line":39,"column":8},"end":{"line":40,"column":null}},"type":"if","locations":[{"start":{"line":39,"column":8},"end":{"line":40,"column":null}},{"start":{},"end":{}}],"line":39},"3":{"loc":{"start":{"line":43,"column":8},"end":{"line":48,"column":null}},"type":"if","locations":[{"start":{"line":43,"column":8},"end":{"line":48,"column":null}},{"start":{},"end":{}}],"line":43},"4":{"loc":{"start":{"line":45,"column":16},"end":{"line":46,"column":null}},"type":"if","locations":[{"start":{"line":45,"column":16},"end":{"line":46,"column":null}},{"start":{},"end":{}}],"line":45}},"s":{"0":4,"1":4,"2":4,"3":1,"4":1,"5":5,"6":5,"7":5,"8":5,"9":2,"10":2,"11":5,"12":5,"13":5,"14":5,"15":1,"16":1},"f":{"0":4,"1":1,"2":5,"3":5,"4":2,"5":1},"b":{"0":[1,0],"1":[2,0],"2":[5,0],"3":[5,0],"4":[1,0]},"meta":{"lastBranch":5,"lastFunction":6,"lastStatement":17,"seen":{"f:10:4:10:16":0,"s:11:8:11:Infinity":0,"s:12:8:12:Infinity":1,"s:13:8:13:Infinity":2,"f:16:4:16:11":1,"b:17:8:18:Infinity:undefined:undefined:undefined:undefined":0,"s:17:8:18:Infinity":3,"s:18:12:18:Infinity":4,"f:22:4:22:14":2,"s:23:8:24:Infinity":5,"f:29:4:29:14":3,"s:30:26:30:67":6,"s:31:28:31:71":7,"s:33:14:35:Infinity":8,"f:33:14:33:36":4,"b:34:12:35:Infinity:undefined:undefined:undefined:undefined":1,"s:34:12:35:Infinity":9,"s:35:16:35:Infinity":10,"b:39:8:40:Infinity:undefined:undefined:undefined:undefined":2,"s:39:8:40:Infinity":11,"s:40:12:40:Infinity":12,"b:43:8:48:Infinity:undefined:undefined:undefined:undefined":3,"s:43:8:48:Infinity":13,"s:44:12:48:Infinity":14,"f:44:41:44:54":5,"b:45:16:46:Infinity:undefined:undefined:undefined:undefined":4,"s:45:16:46:Infinity":15,"s:46:20:46:Infinity":16}}}
,"/Users/seand/development/TestProject/ClientApp/components/ThreeVisualizer.ts": {"path":"/Users/seand/development/TestProject/ClientApp/components/ThreeVisualizer.ts","statementMap":{"0":{"start":{"line":9,"column":51},"end":{"line":9,"column":null}},"1":{"start":{"line":10,"column":31},"end":{"line":10,"column":null}},"2":{"start":{"line":11,"column":58},"end":{"line":11,"column":null}},"3":{"start":{"line":85,"column":12},"end":{"line":103,"column":null}},"4":{"start":{"line":14,"column":8},"end":{"line":14,"column":null}},"5":{"start":{"line":15,"column":8},"end":{"line":15,"column":null}},"6":{"start":{"line":16,"column":8},"end":{"line":16,"column":null}},"7":{"start":{"line":17,"column":8},"end":{"line":17,"column":null}},"8":{"start":{"line":18,"column":8},"end":{"line":18,"column":null}},"9":{"start":{"line":19,"column":8},"end":{"line":19,"column":null}},"10":{"start":{"line":20,"column":8},"end":{"line":20,"column":null}},"11":{"start":{"line":23,"column":33},"end":{"line":23,"column":null}},"12":{"start":{"line":26,"column":8},"end":{"line":26,"column":null}},"13":{"start":{"line":27,"column":8},"end":{"line":27,"column":null}},"14":{"start":{"line":28,"column":8},"end":{"line":28,"column":null}},"15":{"start":{"line":32,"column":8},"end":{"line":32,"column":null}},"16":{"start":{"line":32,"column":35},"end":{"line":32,"column":null}},"17":{"start":{"line":34,"column":25},"end":{"line":34,"column":50}},"18":{"start":{"line":35,"column":22},"end":{"line":35,"column":47}},"19":{"start":{"line":36,"column":8},"end":{"line":36,"column":null}},"20":{"start":{"line":37,"column":8},"end":{"line":37,"column":null}},"21":{"start":{"line":39,"column":8},"end":{"line":39,"column":null}},"22":{"start":{"line":43,"column":8},"end":{"line":44,"column":null}},"23":{"start":{"line":44,"column":12},"end":{"line":44,"column":null}},"24":{"start":{"line":46,"column":8},"end":{"line":46,"column":null}},"25":{"start":{"line":50,"column":8},"end":{"line":51,"column":null}},"26":{"start":{"line":51,"column":12},"end":{"line":51,"column":null}},"27":{"start":{"line":56,"column":8},"end":{"line":56,"column":null}},"28":{"start":{"line":57,"column":8},"end":{"line":57,"column":null}},"29":{"start":{"line":58,"column":8},"end":{"line":58,"column":null}},"30":{"start":{"line":60,"column":8},"end":{"line":64,"column":null}},"31":{"start":{"line":65,"column":8},"end":{"line":65,"column":null}},"32":{"start":{"line":67,"column":8},"end":{"line":71,"column":null}},"33":{"start":{"line":68,"column":12},"end":{"line":68,"column":null}},"34":{"start":{"line":69,"column":12},"end":{"line":69,"column":null}},"35":{"start":{"line":70,"column":12},"end":{"line":70,"column":null}},"36":{"start":{"line":73,"column":29},"end":{"line":73,"column":64}},"37":{"start":{"line":74,"column":8},"end":{"line":74,"column":null}},"38":{"start":{"line":75,"column":27},"end":{"line":75,"column":60}},"39":{"start":{"line":76,"column":8},"end":{"line":76,"column":null}},"40":{"start":{"line":77,"column":8},"end":{"line":77,"column":null}},"41":{"start":{"line":80,"column":8},"end":{"line":81,"column":null}},"42":{"start":{"line":81,"column":12},"end":{"line":81,"column":null}},"43":{"start":{"line":86,"column":8},"end":{"line":86,"column":null}},"44":{"start":{"line":89,"column":8},"end":{"line":96,"column":null}},"45":{"start":{"line":90,"column":12},"end":{"line":90,"column":null}},"46":{"start":{"line":91,"column":12},"end":{"line":91,"column":null}},"47":{"start":{"line":92,"column":12},"end":{"line":92,"column":null}},"48":{"start":{"line":95,"column":12},"end":{"line":95,"column":null}},"49":{"start":{"line":96,"column":12},"end":{"line":96,"column":null}},"50":{"start":{"line":99,"column":8},"end":{"line":100,"column":null}},"51":{"start":{"line":100,"column":12},"end":{"line":100,"column":null}},"52":{"start":{"line":103,"column":8},"end":{"line":103,"column":null}}},"fnMap":{"0":{"name":"(anonymous_0)","decl":{"start":{"line":13,"column":4},"end":{"line":13,"column":18}},"loc":{"start":{"line":13,"column":18},"end":{"line":20,"column":null}},"line":13},"1":{"name":"(anonymous_1)","decl":{"start":{"line":23,"column":4},"end":{"line":23,"column":14}},"loc":{"start":{"line":23,"column":31},"end":{"line":23,"column":null}},"line":23},"2":{"name":"(anonymous_2)","decl":{"start":{"line":25,"column":4},"end":{"line":25,"column":11}},"loc":{"start":{"line":25,"column":41},"end":{"line":28,"column":null}},"line":25},"3":{"name":"(anonymous_3)","decl":{"start":{"line":31,"column":4},"end":{"line":31,"column":11}},"loc":{"start":{"line":31,"column":56},"end":{"line":39,"column":null}},"line":31},"4":{"name":"(anonymous_4)","decl":{"start":{"line":42,"column":4},"end":{"line":42,"column":11}},"loc":{"start":{"line":42,"column":54},"end":{"line":51,"column":null}},"line":42},"5":{"name":"(anonymous_5)","decl":{"start":{"line":55,"column":4},"end":{"line":55,"column":12}},"loc":{"start":{"line":55,"column":24},"end":{"line":81,"column":null}},"line":55},"6":{"name":"(anonymous_6)","decl":{"start":{"line":67,"column":32},"end":{"line":67,"column":48}},"loc":{"start":{"line":67,"column":48},"end":{"line":71,"column":null}},"line":67},"7":{"name":"(anonymous_7)","decl":{"start":{"line":85,"column":12},"end":{"line":85,"column":28}},"loc":{"start":{"line":85,"column":28},"end":{"line":103,"column":null}},"line":85}},"branchMap":{"0":{"loc":{"start":{"line":32,"column":8},"end":{"line":32,"column":null}},"type":"if","locations":[{"start":{"line":32,"column":8},"end":{"line":32,"column":null}},{"start":{},"end":{}}],"line":32},"1":{"loc":{"start":{"line":43,"column":8},"end":{"line":44,"column":null}},"type":"if","locations":[{"start":{"line":43,"column":8},"end":{"line":44,"column":null}},{"start":{},"end":{}}],"line":43},"2":{"loc":{"start":{"line":50,"column":8},"end":{"line":51,"column":null}},"type":"if","locations":[{"start":{"line":50,"column":8},"end":{"line":51,"column":null}},{"start":{},"end":{}}],"line":50},"3":{"loc":{"start":{"line":80,"column":8},"end":{"line":81,"column":null}},"type":"if","locations":[{"start":{"line":80,"column":8},"end":{"line":81,"column":null}},{"start":{},"end":{}}],"line":80},"4":{"loc":{"start":{"line":89,"column":8},"end":{"line":96,"column":null}},"type":"if","locations":[{"start":{"line":89,"column":8},"end":{"line":96,"column":null}},{"start":{"line":93,"column":15},"end":{"line":96,"column":null}}],"line":89},"5":{"loc":{"start":{"line":99,"column":8},"end":{"line":100,"column":null}},"type":"if","locations":[{"start":{"line":99,"column":8},"end":{"line":100,"column":null}},{"start":{},"end":{}}],"line":99}},"s":{"0":0,"1":0,"2":0,"3":0,"4":0,"5":0,"6":0,"7":0,"8":0,"9":0,"10":0,"11":0,"12":0,"13":0,"14":0,"15":0,"16":0,"17":0,"18":0,"19":0,"20":0,"21":0,"22":0,"23":0,"24":0,"25":0,"26":0,"27":0,"28":0,"29":0,"30":0,"31":0,"32":0,"33":0,"34":0,"35":0,"36":0,"37":0,"38":0,"39":0,"40":0,"41":0,"42":0,"43":0,"44":0,"45":0,"46":0,"47":0,"48":0,"49":0,"50":0,"51":0,"52":0},"f":{"0":0,"1":0,"2":0,"3":0,"4":0,"5":0,"6":0,"7":0},"b":{"0":[0,0],"1":[0,0],"2":[0,0],"3":[0,0],"4":[0,0],"5":[0,0]},"meta":{"lastBranch":6,"lastFunction":8,"lastStatement":53,"seen":{"s:9:51:9:Infinity":0,"s:10:31:10:Infinity":1,"s:11:58:11:Infinity":2,"s:85:12:103:Infinity":3,"f:13:4:13:18":0,"s:14:8:14:Infinity":4,"s:15:8:15:Infinity":5,"s:16:8:16:Infinity":6,"s:17:8:17:Infinity":7,"s:18:8:18:Infinity":8,"s:19:8:19:Infinity":9,"s:20:8:20:Infinity":10,"f:23:4:23:14":1,"s:23:33:23:Infinity":11,"f:25:4:25:11":2,"s:26:8:26:Infinity":12,"s:27:8:27:Infinity":13,"s:28:8:28:Infinity":14,"f:31:4:31:11":3,"b:32:8:32:Infinity:undefined:undefined:undefined:undefined":0,"s:32:8:32:Infinity":15,"s:32:35:32:Infinity":16,"s:34:25:34:50":17,"s:35:22:35:47":18,"s:36:8:36:Infinity":19,"s:37:8:37:Infinity":20,"s:39:8:39:Infinity":21,"f:42:4:42:11":4,"b:43:8:44:Infinity:undefined:undefined:undefined:undefined":1,"s:43:8:44:Infinity":22,"s:44:12:44:Infinity":23,"s:46:8:46:Infinity":24,"b:50:8:51:Infinity:undefined:undefined:undefined:undefined":2,"s:50:8:51:Infinity":25,"s:51:12:51:Infinity":26,"f:55:4:55:12":5,"s:56:8:56:Infinity":27,"s:57:8:57:Infinity":28,"s:58:8:58:Infinity":29,"s:60:8:64:Infinity":30,"s:65:8:65:Infinity":31,"s:67:8:71:Infinity":32,"f:67:32:67:48":6,"s:68:12:68:Infinity":33,"s:69:12:69:Infinity":34,"s:70:12:70:Infinity":35,"s:73:29:73:64":36,"s:74:8:74:Infinity":37,"s:75:27:75:60":38,"s:76:8:76:Infinity":39,"s:77:8:77:Infinity":40,"b:80:8:81:Infinity:undefined:undefined:undefined:undefined":3,"s:80:8:81:Infinity":41,"s:81:12:81:Infinity":42,"f:85:12:85:28":7,"s:86:8:86:Infinity":43,"b:89:8:96:Infinity:93:15:96:Infinity":4,"s:89:8:96:Infinity":44,"s:90:12:90:Infinity":45,"s:91:12:91:Infinity":46,"s:92:12:92:Infinity":47,"s:95:12:95:Infinity":48,"s:96:12:96:Infinity":49,"b:99:8:100:Infinity:undefined:undefined:undefined:undefined":5,"s:99:8:100:Infinity":50,"s:100:12:100:Infinity":51,"s:103:8:103:Infinity":52}}}
,"/Users/seand/development/TestProject/ClientApp/components/UploadForm.ts": {"path":"/Users/seand/development/TestProject/ClientApp/components/UploadForm.ts","statementMap":{"0":{"start":{"line":12,"column":8},"end":{"line":12,"column":null}},"1":{"start":{"line":13,"column":8},"end":{"line":13,"column":null}},"2":{"start":{"line":14,"column":8},"end":{"line":14,"column":null}},"3":{"start":{"line":18,"column":26},"end":{"line":18,"column":null}},"4":{"start":{"line":20,"column":8},"end":{"line":21,"column":null}},"5":{"start":{"line":21,"column":12},"end":{"line":21,"column":null}},"6":{"start":{"line":28,"column":8},"end":{"line":33,"column":null}},"7":{"start":{"line":39,"column":26},"end":{"line":39,"column":74}},"8":{"start":{"line":40,"column":30},"end":{"line":40,"column":76}},"9":{"start":{"line":42,"column":8},"end":{"line":45,"column":null}},"10":{"start":{"line":43,"column":12},"end":{"line":45,"column":null}},"11":{"start":{"line":44,"column":16},"end":{"line":44,"column":null}},"12":{"start":{"line":48,"column":8},"end":{"line":65,"column":null}},"13":{"start":{"line":49,"column":12},"end":{"line":65,"column":null}},"14":{"start":{"line":50,"column":31},"end":{"line":50,"column":null}},"15":{"start":{"line":51,"column":16},"end":{"line":62,"column":null}},"16":{"start":{"line":52,"column":33},"end":{"line":52,"column":null}},"17":{"start":{"line":54,"column":20},"end":{"line":54,"column":null}},"18":{"start":{"line":56,"column":20},"end":{"line":62,"column":null}},"19":{"start":{"line":57,"column":24},"end":{"line":57,"column":null}},"20":{"start":{"line":58,"column":24},"end":{"line":58,"column":null}},"21":{"start":{"line":60,"column":24},"end":{"line":60,"column":null}},"22":{"start":{"line":62,"column":24},"end":{"line":62,"column":null}}},"fnMap":{"0":{"name":"(anonymous_0)","decl":{"start":{"line":11,"column":4},"end":{"line":11,"column":16}},"loc":{"start":{"line":11,"column":57},"end":{"line":14,"column":null}},"line":11},"1":{"name":"(anonymous_1)","decl":{"start":{"line":17,"column":4},"end":{"line":17,"column":14}},"loc":{"start":{"line":17,"column":31},"end":{"line":33,"column":null}},"line":17},"2":{"name":"(anonymous_2)","decl":{"start":{"line":38,"column":4},"end":{"line":38,"column":14}},"loc":{"start":{"line":38,"column":40},"end":{"line":65,"column":null}},"line":38},"3":{"name":"(anonymous_3)","decl":{"start":{"line":43,"column":43},"end":{"line":43,"column":58}},"loc":{"start":{"line":43,"column":58},"end":{"line":45,"column":null}},"line":43},"4":{"name":"(anonymous_4)","decl":{"start":{"line":49,"column":49},"end":{"line":49,"column":56}},"loc":{"start":{"line":49,"column":62},"end":{"line":65,"column":null}},"line":49}},"branchMap":{"0":{"loc":{"start":{"line":18,"column":26},"end":{"line":18,"column":null}},"type":"cond-expr","locations":[{"start":{"line":18,"column":45},"end":{"line":18,"column":101}},{"start":{"line":18,"column":101},"end":{"line":18,"column":null}}],"line":18},"1":{"loc":{"start":{"line":20,"column":8},"end":{"line":21,"column":null}},"type":"if","locations":[{"start":{"line":20,"column":8},"end":{"line":21,"column":null}},{"start":{},"end":{}}],"line":20},"2":{"loc":{"start":{"line":42,"column":8},"end":{"line":45,"column":null}},"type":"if","locations":[{"start":{"line":42,"column":8},"end":{"line":45,"column":null}},{"start":{},"end":{}}],"line":42},"3":{"loc":{"start":{"line":42,"column":12},"end":{"line":42,"column":40}},"type":"binary-expr","locations":[{"start":{"line":42,"column":12},"end":{"line":42,"column":29}},{"start":{"line":42,"column":29},"end":{"line":42,"column":40}}],"line":42},"4":{"loc":{"start":{"line":48,"column":8},"end":{"line":65,"column":null}},"type":"if","locations":[{"start":{"line":48,"column":8},"end":{"line":65,"column":null}},{"start":{},"end":{}}],"line":48},"5":{"loc":{"start":{"line":51,"column":16},"end":{"line":62,"column":null}},"type":"if","locations":[{"start":{"line":51,"column":16},"end":{"line":62,"column":null}},{"start":{},"end":{}}],"line":51},"6":{"loc":{"start":{"line":51,"column":20},"end":{"line":51,"column":61}},"type":"binary-expr","locations":[{"start":{"line":51,"column":20},"end":{"line":51,"column":36}},{"start":{"line":51,"column":36},"end":{"line":51,"column":61}}],"line":51},"7":{"loc":{"start":{"line":62,"column":67},"end":{"line":62,"column":102}},"type":"binary-expr","locations":[{"start":{"line":62,"column":67},"end":{"line":62,"column":84}},{"start":{"line":62,"column":84},"end":{"line":62,"column":102}}],"line":62}},"s":{"0":4,"1":4,"2":4,"3":8,"4":8,"5":2,"6":6,"7":8,"8":8,"9":8,"10":6,"11":1,"12":8,"13":6,"14":2,"15":2,"16":2,"17":2,"18":2,"19":2,"20":1,"21":1,"22":1},"f":{"0":4,"1":8,"2":8,"3":1,"4":2},"b":{"0":[1,7],"1":[2,6],"2":[6,2],"3":[8,6],"4":[6,2],"5":[2,0],"6":[2,2],"7":[1,0]},"meta":{"lastBranch":8,"lastFunction":5,"lastStatement":23,"seen":{"f:11:4:11:16":0,"s:12:8:12:Infinity":0,"s:13:8:13:Infinity":1,"s:14:8:14:Infinity":2,"f:17:4:17:14":1,"s:18:26:18:Infinity":3,"b:18:45:18:101:18:101:18:Infinity":0,"b:20:8:21:Infinity:undefined:undefined:undefined:undefined":1,"s:20:8:21:Infinity":4,"s:21:12:21:Infinity":5,"s:28:8:33:Infinity":6,"f:38:4:38:14":2,"s:39:26:39:74":7,"s:40:30:40:76":8,"b:42:8:45:Infinity:undefined:undefined:undefined:undefined":2,"s:42:8:45:Infinity":9,"b:42:12:42:29:42:29:42:40":3,"s:43:12:45:Infinity":10,"f:43:43:43:58":3,"s:44:16:44:Infinity":11,"b:48:8:65:Infinity:undefined:undefined:undefined:undefined":4,"s:48:8:65:Infinity":12,"s:49:12:65:Infinity":13,"f:49:49:49:56":4,"s:50:31:50:Infinity":14,"b:51:16:62:Infinity:undefined:undefined:undefined:undefined":5,"s:51:16:62:Infinity":15,"b:51:20:51:36:51:36:51:61":6,"s:52:33:52:Infinity":16,"s:54:20:54:Infinity":17,"s:56:20:62:Infinity":18,"s:57:24:57:Infinity":19,"s:58:24:58:Infinity":20,"s:60:24:60:Infinity":21,"s:62:24:62:Infinity":22,"b:62:67:62:84:62:84:62:102":7}}}
[...]
,"/Users/seand/development/TestProject/ClientApp/core/Component.ts": {"path":"/Users/seand/development/TestProject/ClientApp/core/Component.ts","statementMap":{"0":{"start":{"line":6,"column":8},"end":{"line":6,"column":null}},"1":{"start":{"line":7,"column":8},"end":{"line":7,"column":null}},"2":{"start":{"line":14,"column":8},"end":{"line":14,"column":null}},"3":{"start":{"line":15,"column":8},"end":{"line":15,"column":null}},"4":{"start":{"line":22,"column":8},"end":{"line":22,"column":null}},"5":{"start":{"line":23,"column":8},"end":{"line":23,"column":null}},"6":{"start":{"line":30,"column":8},"end":{"line":30,"column":null}},"7":{"start":{"line":31,"column":8},"end":{"line":31,"column":null}}},"fnMap":{"0":{"name":"(anonymous_0)","decl":{"start":{"line":5,"column":4},"end":{"line":5,"column":16}},"loc":{"start":{"line":5,"column":39},"end":{"line":7,"column":null}},"line":5},"1":{"name":"(anonymous_1)","decl":{"start":{"line":13,"column":4},"end":{"line":13,"column":14}},"loc":{"start":{"line":13,"column":50},"end":{"line":15,"column":null}},"line":13},"2":{"name":"(anonymous_2)","decl":{"start":{"line":21,"column":4},"end":{"line":21,"column":11}},"loc":{"start":{"line":21,"column":41},"end":{"line":23,"column":null}},"line":21},"3":{"name":"(anonymous_3)","decl":{"start":{"line":29,"column":4},"end":{"line":29,"column":14}},"loc":{"start":{"line":29,"column":23},"end":{"line":31,"column":null}},"line":29},"4":{"name":"(anonymous_4)","decl":{"start":{"line":43,"column":4},"end":{"line":43,"column":14}},"loc":{"start":{"line":43,"column":40},"end":{"line":43,"column":null}},"line":43}},"branchMap":{"0":{"loc":{"start":{"line":6,"column":21},"end":{"line":6,"column":39}},"type":"binary-expr","locations":[{"start":{"line":6,"column":21},"end":{"line":6,"column":37}},{"start":{"line":6,"column":37},"end":{"line":6,"column":39}}],"line":6}},"s":{"0":33,"1":33,"2":28,"3":28,"4":33,"5":33,"6":62,"7":62},"f":{"0":33,"1":28,"2":33,"3":62,"4":12},"b":{"0":[33,1]},"meta":{"lastBranch":1,"lastFunction":5,"lastStatement":8,"seen":{"f:5:4:5:16":0,"s:6:8:6:Infinity":0,"b:6:21:6:37:6:37:6:39":0,"s:7:8:7:Infinity":1,"f:13:4:13:14":1,"s:14:8:14:Infinity":2,"s:15:8:15:Infinity":3,"f:21:4:21:11":2,"s:22:8:22:Infinity":4,"s:23:8:23:Infinity":5,"f:29:4:29:14":3,"s:30:8:30:Infinity":6,"s:31:8:31:Infinity":7,"f:43:4:43:14":4}}}
,"/Users/seand/development/TestProject/ClientApp/services/StorageService.ts": {"path":"/Users/seand/development/TestProject/ClientApp/services/StorageService.ts","statementMap":{"0":{"start":{"line":4,"column":22},"end":{"line":4,"column":null}},"1":{"start":{"line":7,"column":25},"end":{"line":7,"column":95}},"2":{"start":{"line":8,"column":8},"end":{"line":9,"column":null}},"3":{"start":{"line":9,"column":12},"end":{"line":9,"column":null}},"4":{"start":{"line":11,"column":8},"end":{"line":11,"column":null}},"5":{"start":{"line":15,"column":25},"end":{"line":15,"column":130}},"6":{"start":{"line":16,"column":8},"end":{"line":17,"column":null}},"7":{"start":{"line":17,"column":12},"end":{"line":17,"column":null}},"8":{"start":{"line":19,"column":8},"end":{"line":19,"column":null}},"9":{"start":{"line":23,"column":25},"end":{"line":25,"column":10}},"10":{"start":{"line":26,"column":8},"end":{"line":27,"column":null}},"11":{"start":{"line":27,"column":12},"end":{"line":27,"column":null}},"12":{"start":{"line":32,"column":25},"end":{"line":34,"column":10}},"13":{"start":{"line":35,"column":8},"end":{"line":36,"column":null}},"14":{"start":{"line":36,"column":12},"end":{"line":36,"column":null}},"15":{"start":{"line":41,"column":8},"end":{"line":41,"column":null}},"16":{"start":{"line":45,"column":25},"end":{"line":45,"column":39}},"17":{"start":{"line":46,"column":8},"end":{"line":46,"column":null}},"18":{"start":{"line":48,"column":25},"end":{"line":51,"column":10}},"19":{"start":{"line":53,"column":8},"end":{"line":54,"column":null}},"20":{"start":{"line":54,"column":12},"end":{"line":54,"column":null}}},"fnMap":{"0":{"name":"(anonymous_0)","decl":{"start":{"line":6,"column":17},"end":{"line":6,"column":24}},"loc":{"start":{"line":6,"column":68},"end":{"line":11,"column":null}},"line":6},"1":{"name":"(anonymous_1)","decl":{"start":{"line":14,"column":17},"end":{"line":14,"column":24}},"loc":{"start":{"line":14,"column":83},"end":{"line":19,"column":null}},"line":14},"2":{"name":"(anonymous_2)","decl":{"start":{"line":22,"column":17},"end":{"line":22,"column":22}},"loc":{"start":{"line":22,"column":82},"end":{"line":27,"column":null}},"line":22},"3":{"name":"(anonymous_3)","decl":{"start":{"line":31,"column":17},"end":{"line":31,"column":24}},"loc":{"start":{"line":31,"column":53},"end":{"line":36,"column":null}},"line":31},"4":{"name":"(anonymous_4)","decl":{"start":{"line":40,"column":4},"end":{"line":40,"column":11}},"loc":{"start":{"line":40,"column":48},"end":{"line":41,"column":null}},"line":40},"5":{"name":"(anonymous_5)","decl":{"start":{"line":44,"column":17},"end":{"line":44,"column":24}},"loc":{"start":{"line":44,"column":65},"end":{"line":54,"column":null}},"line":44}},"branchMap":{"0":{"loc":{"start":{"line":6,"column":24},"end":{"line":6,"column":68}},"type":"default-arg","locations":[{"start":{"line":6,"column":39},"end":{"line":6,"column":68}}],"line":6},"1":{"loc":{"start":{"line":8,"column":8},"end":{"line":9,"column":null}},"type":"if","locations":[{"start":{"line":8,"column":8},"end":{"line":9,"column":null}},{"start":{},"end":{}}],"line":8},"2":{"loc":{"start":{"line":14,"column":39},"end":{"line":14,"column":83}},"type":"default-arg","locations":[{"start":{"line":14,"column":54},"end":{"line":14,"column":83}}],"line":14},"3":{"loc":{"start":{"line":16,"column":8},"end":{"line":17,"column":null}},"type":"if","locations":[{"start":{"line":16,"column":8},"end":{"line":17,"column":null}},{"start":{},"end":{}}],"line":16},"4":{"loc":{"start":{"line":26,"column":8},"end":{"line":27,"column":null}},"type":"if","locations":[{"start":{"line":26,"column":8},"end":{"line":27,"column":null}},{"start":{},"end":{}}],"line":26},"5":{"loc":{"start":{"line":35,"column":8},"end":{"line":36,"column":null}},"type":"if","locations":[{"start":{"line":35,"column":8},"end":{"line":36,"column":null}},{"start":{},"end":{}}],"line":35},"6":{"loc":{"start":{"line":53,"column":8},"end":{"line":54,"column":null}},"type":"if","locations":[{"start":{"line":53,"column":8},"end":{"line":54,"column":null}},{"start":{},"end":{}}],"line":53}},"s":{"0":6,"1":2,"2":2,"3":1,"4":1,"5":1,"6":1,"7":0,"8":1,"9":1,"10":1,"11":0,"12":1,"13":1,"14":0,"15":0,"16":1,"17":1,"18":1,"19":1,"20":0},"f":{"0":2,"1":1,"2":1,"3":1,"4":0,"5":1},"b":{"0":[2],"1":[1,1],"2":[1],"3":[0,1],"4":[0,1],"5":[0,1],"6":[0,1]},"meta":{"lastBranch":7,"lastFunction":6,"lastStatement":21,"seen":{"s:4:22:4:Infinity":0,"f:6:17:6:24":0,"b:6:39:6:68":0,"s:7:25:7:95":1,"b:8:8:9:Infinity:undefined:undefined:undefined:undefined":1,"s:8:8:9:Infinity":2,"s:9:12:9:Infinity":3,"s:11:8:11:Infinity":4,"f:14:17:14:24":1,"b:14:54:14:83":2,"s:15:25:15:130":5,"b:16:8:17:Infinity:undefined:undefined:undefined:undefined":3,"s:16:8:17:Infinity":6,"s:17:12:17:Infinity":7,"s:19:8:19:Infinity":8,"f:22:17:22:22":2,"s:23:25:25:10":9,"b:26:8:27:Infinity:undefined:undefined:undefined:undefined":4,"s:26:8:27:Infinity":10,"s:27:12:27:Infinity":11,"f:31:17:31:24":3,"s:32:25:34:10":12,"b:35:8:36:Infinity:undefined:undefined:undefined:undefined":5,"s:35:8:36:Infinity":13,"s:36:12:36:Infinity":14,"f:40:4:40:11":4,"s:41:8:41:Infinity":15,"f:44:17:44:24":5,"s:45:25:45:39":16,"s:46:8:46:Infinity":17,"s:48:25:51:10":18,"b:53:8:54:Infinity:undefined:undefined:undefined:undefined":6,"s:53:8:54:Infinity":19,"s:54:12:54:Infinity":20}}}
,"/Users/seand/development/TestProject/ClientApp/visualizers/BarStrategy.ts": {"path":"/Users/seand/development/TestProject/ClientApp/visualizers/BarStrategy.ts","statementMap":{"0":{"start":{"line":5,"column":34},"end":{"line":5,"column":36}},"1":{"start":{"line":6,"column":32},"end":{"line":6,"column":null}},"2":{"start":{"line":9,"column":25},"end":{"line":9,"column":null}},"3":{"start":{"line":10,"column":24},"end":{"line":10,"column":null}},"4":{"start":{"line":11,"column":28},"end":{"line":11,"column":null}},"5":{"start":{"line":12,"column":23},"end":{"line":12,"column":null}},"6":{"start":{"line":14,"column":25},"end":{"line":14,"column":69}},"7":{"start":{"line":15,"column":25},"end":{"line":19,"column":10}},"8":{"start":{"line":21,"column":8},"end":{"line":25,"column":null}},"9":{"start":{"line":21,"column":21},"end":{"line":21,"column":24}},"10":{"start":{"line":22,"column":25},"end":{"line":22,"column":59}},"11":{"start":{"line":23,"column":12},"end":{"line":23,"column":null}},"12":{"start":{"line":24,"column":12},"end":{"line":24,"column":null}},"13":{"start":{"line":25,"column":12},"end":{"line":25,"column":null}},"14":{"start":{"line":27,"column":8},"end":{"line":27,"column":null}},"15":{"start":{"line":31,"column":25},"end":{"line":31,"column":null}},"16":{"start":{"line":32,"column":26},"end":{"line":32,"column":null}},"17":{"start":{"line":34,"column":8},"end":{"line":43,"column":null}},"18":{"start":{"line":35,"column":25},"end":{"line":35,"column":52}},"19":{"start":{"line":36,"column":12},"end":{"line":41,"column":null}},"20":{"start":{"line":37,"column":30},"end":{"line":37,"column":null}},"21":{"start":{"line":38,"column":30},"end":{"line":38,"column":75}},"22":{"start":{"line":39,"column":16},"end":{"line":39,"column":null}},"23":{"start":{"line":40,"column":16},"end":{"line":40,"column":null}},"24":{"start":{"line":43,"column":12},"end":{"line":43,"column":null}},"25":{"start":{"line":48,"column":8},"end":{"line":48,"column":null}},"26":{"start":{"line":48,"column":35},"end":{"line":48,"column":53}},"27":{"start":{"line":49,"column":8},"end":{"line":49,"column":null}},"28":{"start":{"line":53,"column":25},"end":{"line":53,"column":null}},"29":{"start":{"line":54,"column":26},"end":{"line":54,"column":null}},"30":{"start":{"line":55,"column":8},"end":{"line":59,"column":null}},"31":{"start":{"line":56,"column":26},"end":{"line":56,"column":null}},"32":{"start":{"line":57,"column":12},"end":{"line":57,"column":null}},"33":{"start":{"line":58,"column":12},"end":{"line":58,"column":null}}},"fnMap":{"0":{"name":"(anonymous_0)","decl":{"start":{"line":8,"column":4},"end":{"line":8,"column":9}},"loc":{"start":{"line":8,"column":35},"end":{"line":27,"column":null}},"line":8},"1":{"name":"(anonymous_1)","decl":{"start":{"line":30,"column":4},"end":{"line":30,"column":11}},"loc":{"start":{"line":30,"column":55},"end":{"line":43,"column":null}},"line":30},"2":{"name":"(anonymous_2)","decl":{"start":{"line":36,"column":23},"end":{"line":36,"column":32}},"loc":{"start":{"line":36,"column":44},"end":{"line":41,"column":null}},"line":36},"3":{"name":"(anonymous_3)","decl":{"start":{"line":47,"column":4},"end":{"line":47,"column":12}},"loc":{"start":{"line":47,"column":38},"end":{"line":49,"column":null}},"line":47},"4":{"name":"(anonymous_4)","decl":{"start":{"line":48,"column":19},"end":{"line":48,"column":27}},"loc":{"start":{"line":48,"column":35},"end":{"line":48,"column":53}},"line":48},"5":{"name":"(anonymous_5)","decl":{"start":{"line":52,"column":4},"end":{"line":52,"column":12}},"loc":{"start":{"line":52,"column":26},"end":{"line":59,"column":null}},"line":52},"6":{"name":"(anonymous_6)","decl":{"start":{"line":55,"column":19},"end":{"line":55,"column":27}},"loc":{"start":{"line":55,"column":35},"end":{"line":59,"column":null}},"line":55}},"branchMap":{"0":{"loc":{"start":{"line":34,"column":8},"end":{"line":43,"column":null}},"type":"if","locations":[{"start":{"line":34,"column":8},"end":{"line":43,"column":null}},{"start":{"line":42,"column":15},"end":{"line":43,"column":null}}],"line":34},"1":{"loc":{"start":{"line":37,"column":30},"end":{"line":37,"column":null}},"type":"binary-expr","locations":[{"start":{"line":37,"column":30},"end":{"line":37,"column":41}},{"start":{"line":37,"column":41},"end":{"line":37,"column":null}}],"line":37}},"s":{"0":3,"1":3,"2":3,"3":3,"4":3,"5":3,"6":3,"7":3,"8":3,"9":3,"10":48,"11":48,"12":48,"13":48,"14":3,"15":1,"16":1,"17":1,"18":1,"19":1,"20":16,"21":16,"22":16,"23":16,"24":0,"25":1,"26":16,"27":1,"28":3,"29":3,"30":3,"31":48,"32":48,"33":48},"f":{"0":3,"1":1,"2":16,"3":1,"4":16,"5":3,"6":48},"b":{"0":[1,0],"1":[16,0]},"meta":{"lastBranch":2,"lastFunction":7,"lastStatement":34,"seen":{"s:5:34:5:36":0,"s:6:32:6:Infinity":1,"f:8:4:8:9":0,"s:9:25:9:Infinity":2,"s:10:24:10:Infinity":3,"s:11:28:11:Infinity":4,"s:12:23:12:Infinity":5,"s:14:25:14:69":6,"s:15:25:19:10":7,"s:21:8:25:Infinity":8,"s:21:21:21:24":9,"s:22:25:22:59":10,"s:23:12:23:Infinity":11,"s:24:12:24:Infinity":12,"s:25:12:25:Infinity":13,"s:27:8:27:Infinity":14,"f:30:4:30:11":1,"s:31:25:31:Infinity":15,"s:32:26:32:Infinity":16,"b:34:8:43:Infinity:42:15:43:Infinity":0,"s:34:8:43:Infinity":17,"s:35:25:35:52":18,"s:36:12:41:Infinity":19,"f:36:23:36:32":2,"s:37:30:37:Infinity":20,"b:37:30:37:41:37:41:37:Infinity":1,"s:38:30:38:75":21,"s:39:16:39:Infinity":22,"s:40:16:40:Infinity":23,"s:43:12:43:Infinity":24,"f:47:4:47:12":3,"s:48:8:48:Infinity":25,"f:48:19:48:27":4,"s:48:35:48:53":26,"s:49:8:49:Infinity":27,"f:52:4:52:12":5,"s:53:25:53:Infinity":28,"s:54:26:54:Infinity":29,"s:55:8:59:Infinity":30,"f:55:19:55:27":6,"s:56:26:56:Infinity":31,"s:57:12:57:Infinity":32,"s:58:12:58:Infinity":33}}}
,"/Users/seand/development/TestProject/ClientApp/visualizers/IVisualizerStrategy.ts": {"path":"/Users/seand/development/TestProject/ClientApp/visualizers/IVisualizerStrategy.ts","statementMap":{},"fnMap":{},"branchMap":{},"s":{},"f":{},"b":{},"meta":{"lastBranch":0,"lastFunction":0,"lastStatement":0,"seen":{}}}
,"/Users/seand/development/TestProject/ClientApp/visualizers/WaveStrategy.ts": {"path":"/Users/seand/development/TestProject/ClientApp/visualizers/WaveStrategy.ts","statementMap":{"0":{"start":{"line":5,"column":38},"end":{"line":5,"column":null}},"1":{"start":{"line":6,"column":32},"end":{"line":6,"column":null}},"2":{"start":{"line":9,"column":25},"end":{"line":9,"column":73}},"3":{"start":{"line":10,"column":23},"end":{"line":10,"column":25}},"4":{"start":{"line":11,"column":8},"end":{"line":12,"column":null}},"5":{"start":{"line":11,"column":21},"end":{"line":11,"column":24}},"6":{"start":{"line":12,"column":12},"end":{"line":12,"column":null}},"7":{"start":{"line":15,"column":25},"end":{"line":15,"column":73}},"8":{"start":{"line":16,"column":8},"end":{"line":16,"column":null}},"9":{"start":{"line":17,"column":8},"end":{"line":17,"column":null}},"10":{"start":{"line":21,"column":8},"end":{"line":21,"column":null}},"11":{"start":{"line":21,"column":24},"end":{"line":21,"column":null}},"12":{"start":{"line":23,"column":26},"end":{"line":23,"column":null}},"13":{"start":{"line":24,"column":26},"end":{"line":24,"column":null}},"14":{"start":{"line":26,"column":8},"end":{"line":39,"column":null}},"15":{"start":{"line":27,"column":25},"end":{"line":27,"column":52}},"16":{"start":{"line":28,"column":34},"end":{"line":28,"column":null}},"17":{"start":{"line":30,"column":12},"end":{"line":34,"column":null}},"18":{"start":{"line":30,"column":25},"end":{"line":30,"column":28}},"19":{"start":{"line":31,"column":34},"end":{"line":31,"column":79}},"20":{"start":{"line":32,"column":30},"end":{"line":32,"column":null}},"21":{"start":{"line":33,"column":27},"end":{"line":33,"column":null}},"22":{"start":{"line":34,"column":16},"end":{"line":34,"column":null}},"23":{"start":{"line":38,"column":12},"end":{"line":39,"column":null}},"24":{"start":{"line":38,"column":25},"end":{"line":38,"column":28}},"25":{"start":{"line":39,"column":16},"end":{"line":39,"column":null}},"26":{"start":{"line":43,"column":8},"end":{"line":43,"column":null}},"27":{"start":{"line":47,"column":8},"end":{"line":51,"column":null}},"28":{"start":{"line":48,"column":12},"end":{"line":48,"column":null}},"29":{"start":{"line":49,"column":12},"end":{"line":49,"column":null}},"30":{"start":{"line":50,"column":13},"end":{"line":50,"column":null}},"31":{"start":{"line":51,"column":12},"end":{"line":51,"column":null}}},"fnMap":{"0":{"name":"(anonymous_0)","decl":{"start":{"line":8,"column":4},"end":{"line":8,"column":9}},"loc":{"start":{"line":8,"column":35},"end":{"line":17,"column":null}},"line":8},"1":{"name":"(anonymous_1)","decl":{"start":{"line":20,"column":4},"end":{"line":20,"column":11}},"loc":{"start":{"line":20,"column":55},"end":{"line":43,"column":null}},"line":20},"2":{"name":"(anonymous_2)","decl":{"start":{"line":46,"column":4},"end":{"line":46,"column":12}},"loc":{"start":{"line":46,"column":38},"end":{"line":51,"column":null}},"line":46}},"branchMap":{"0":{"loc":{"start":{"line":21,"column":8},"end":{"line":21,"column":null}},"type":"if","locations":[{"start":{"line":21,"column":8},"end":{"line":21,"column":null}},{"start":{},"end":{}}],"line":21},"1":{"loc":{"start":{"line":26,"column":8},"end":{"line":39,"column":null}},"type":"if","locations":[{"start":{"line":26,"column":8},"end":{"line":39,"column":null}},{"start":{"line":36,"column":15},"end":{"line":39,"column":null}}],"line":26},"2":{"loc":{"start":{"line":32,"column":30},"end":{"line":32,"column":null}},"type":"binary-expr","locations":[{"start":{"line":32,"column":30},"end":{"line":32,"column":49}},{"start":{"line":32,"column":49},"end":{"line":32,"column":null}}],"line":32},"3":{"loc":{"start":{"line":47,"column":8},"end":{"line":51,"column":null}},"type":"if","locations":[{"start":{"line":47,"column":8},"end":{"line":51,"column":null}},{"start":{},"end":{}}],"line":47}},"s":{"0":3,"1":3,"2":3,"3":3,"4":3,"5":3,"6":384,"7":3,"8":3,"9":3,"10":1,"11":0,"12":1,"13":1,"14":1,"15":1,"16":1,"17":1,"18":1,"19":128,"20":128,"21":128,"22":128,"23":0,"24":0,"25":0,"26":1,"27":1,"28":1,"29":1,"30":1,"31":1},"f":{"0":3,"1":1,"2":1},"b":{"0":[0,1],"1":[1,0],"2":[128,0],"3":[1,0]},"meta":{"lastBranch":4,"lastFunction":3,"lastStatement":32,"seen":{"s:5:38:5:Infinity":0,"s:6:32:6:Infinity":1,"f:8:4:8:9":0,"s:9:25:9:73":2,"s:10:23:10:25":3,"s:11:8:12:Infinity":4,"s:11:21:11:24":5,"s:12:12:12:Infinity":6,"s:15:25:15:73":7,"s:16:8:16:Infinity":8,"s:17:8:17:Infinity":9,"f:20:4:20:11":1,"b:21:8:21:Infinity:undefined:undefined:undefined:undefined":0,"s:21:8:21:Infinity":10,"s:21:24:21:Infinity":11,"s:23:26:23:Infinity":12,"s:24:26:24:Infinity":13,"b:26:8:39:Infinity:36:15:39:Infinity":1,"s:26:8:39:Infinity":14,"s:27:25:27:52":15,"s:28:34:28:Infinity":16,"s:30:12:34:Infinity":17,"s:30:25:30:28":18,"s:31:34:31:79":19,"s:32:30:32:Infinity":20,"b:32:30:32:49:32:49:32:Infinity":2,"s:33:27:33:Infinity":21,"s:34:16:34:Infinity":22,"s:38:12:39:Infinity":23,"s:38:25:38:28":24,"s:39:16:39:Infinity":25,"s:43:8:43:Infinity":26,"f:46:4:46:12":2,"b:47:8:51:Infinity:undefined:undefined:undefined:undefined":3,"s:47:8:51:Infinity":27,"s:48:12:48:Infinity":28,"s:49:12:49:Infinity":29,"s:50:13:50:Infinity":30,"s:51:12:51:Infinity":31}}}
}
